#
# A fatal error has been detected by the Java Runtime Environment:
#
#  EXCEPTION_ACCESS_VIOLATION (0xc0000005) at pc=0x00007ffcf3f07c50, pid=7428, tid=13296
#
# JRE version: Java(TM) SE Runtime Environment (12.0.2+10) (build 12.0.2+10)
# Java VM: Java HotSpot(TM) 64-Bit Server VM (12.0.2+10, mixed mode, sharing, tiered, compressed oops, g1 gc, windows-amd64)
# Problematic frame:
# C  [ig9icd64.dll+0x137c50]
#
# No core dump will be written. Minidumps are not enabled by default on client versions of Windows
#
# If you would like to submit a bug report, please visit:
#   http://bugreport.java.com/bugreport/crash.jsp
# The crash happened outside the Java Virtual Machine in native code.
# See problematic frame for where to report the bug.
#

---------------  S U M M A R Y ------------

Command Line: -Dfile.encoding=Cp1252 simple.simple

Host: Intel(R) Core(TM) i5-6300U CPU @ 2.40GHz, 4 cores, 7G,  Windows 10 , 64 bit Build 19041 (10.0.19041.1151)
Time: Sun Aug 29 23:31:43 2021 Eastern Daylight Time elapsed time: 1 seconds (0d 0h 0m 1s)

---------------  T H R E A D  ---------------

Current thread (0x0000027fb0063800):  JavaThread "main" [_thread_in_native, id=13296, stack(0x0000009e58b00000,0x0000009e58c00000)]

Stack: [0x0000009e58b00000,0x0000009e58c00000],  sp=0x0000009e58bfe490,  free space=1017k
Native frames: (J=compiled Java code, j=interpreted, Vv=VM code, C=native code)
C  [ig9icd64.dll+0x137c50]

Java frames: (J=compiled Java code, j=interpreted, Vv=VM code)
j  org.lwjgl.opengl.GL11C.nglTexImage2D(IIIIIIIIJ)V+0
j  org.lwjgl.opengl.GL11C.glTexImage2D(IIIIIIIILjava/nio/IntBuffer;)V+17
j  org.lwjgl.opengl.GL11.glTexImage2D(IIIIIIIILjava/nio/IntBuffer;)V+14
j  jrtr.glrenderer.GLTexture.load(Ljava/lang/String;)V+94
j  simple.simple$SimpleRenderPanel.init(Ljrtr/RenderContext;)V+179
j  jrtr.glrenderer.GLRenderPanel.showWindow()V+40
j  simple.simple.main([Ljava/lang/String;)V+13
v  ~StubRoutines::call_stub

siginfo: EXCEPTION_ACCESS_VIOLATION (0xc0000005), reading address 0x0000000000000010


Register to memory mapping:

RIP=0x00007ffcf3f07c50 ig9icd64.dll
RAX=0x0 is NULL
RBX=0x0000009e58bfe580 is pointing into the stack for thread: 0x0000027fb0063800
RCX=0x0 is NULL
RDX=0x0000000000000010 is an unknown value
RSP=0x0000009e58bfe490 is pointing into the stack for thread: 0x0000027fb0063800
RBP=0x0000009e58bfe5f0 is pointing into the stack for thread: 0x0000027fb0063800
RSI=0x0000027fd4800000 points into unknown readable memory: 00 00 00 00 00 00 00 00
RDI=0x0000027fd4800000 points into unknown readable memory: 00 00 00 00 00 00 00 00
R8 =0x000000000012c000 is an unknown value
R9 =0x0000000000002580 is an unknown value
R10=0x0 is NULL
R11=0x0000027fd15b1ce4 points into unknown readable memory: 00 00 00 00
R12=0x0 is NULL
R13=0x0000009e58bfe710 is pointing into the stack for thread: 0x0000027fb0063800
R14=0x00000000000001e0 is an unknown value
R15=0x00000000000001c1 is an unknown value


Registers:
RAX=0x0000000000000000, RBX=0x0000009e58bfe580, RCX=0x0000000000000000, RDX=0x0000000000000010
RSP=0x0000009e58bfe490, RBP=0x0000009e58bfe5f0, RSI=0x0000027fd4800000, RDI=0x0000027fd4800000
R8 =0x000000000012c000, R9 =0x0000000000002580, R10=0x0000000000000000, R11=0x0000027fd15b1ce4
R12=0x0000000000000000, R13=0x0000009e58bfe710, R14=0x00000000000001e0, R15=0x00000000000001c1
RIP=0x00007ffcf3f07c50, EFLAGS=0x0000000000010202

Top of Stack: (sp=0x0000009e58bfe490)
0x0000009e58bfe490:   0000000000000000 0000000000000000
0x0000009e58bfe4a0:   0000000000000000 0000000000000000
0x0000009e58bfe4b0:   0000000000000010 00007ffcf426cdcc
0x0000009e58bfe4c0:   000001e000000280 0000000000000010
0x0000009e58bfe4d0:   00007ffcf426ca70 0000009e58bfe710
0x0000009e58bfe4e0:   0000000000000000 00007ffcf426f64a
0x0000009e58bfe4f0:   0000009e58bfe5f0 0000009e58bfe6d0
0x0000009e58bfe500:   0000027fd4800000 00007ffcf426dd70
0x0000009e58bfe510:   0000003100000049 0000000000000001
0x0000009e58bfe520:   0000000000000010 0000000000000000
0x0000009e58bfe530:   0000027fd4800000 0000000000000000
0x0000009e58bfe540:   0000027fd1740e90 00007ffcf3dfc6ef
0x0000009e58bfe550:   0000000000000001 0000000000000000
0x0000009e58bfe560:   0000027fd154ddb0 0000000000000000
0x0000009e58bfe570:   0000000000000000 0000000000000000
0x0000009e58bfe580:   00007ffcf482bbb0 0000027fd1599000 

Instructions: (pc=0x00007ffcf3f07c50)
0x00007ffcf3f07b50:   0f be c0 66 0f 6e c0 66 0f 60 c0 66 0f 61 c0 66
0x00007ffcf3f07b60:   0f 70 c0 00 66 0f 64 c8 66 0f f7 d1 49 03 f9 41
0x00007ffcf3f07b70:   8b c1 44 8b d1 4c 2b c0 0f 29 74 24 10 4d 8b c8
0x00007ffcf3f07b80:   0f 29 3c 24 49 c1 e9 07 f6 c2 0f 0f 84 af 00 00
0x00007ffcf3f07b90:   00 4d 85 c9 74 6b 66 66 0f 1f 84 00 00 00 00 00
0x00007ffcf3f07ba0:   f3 0f 6f 3a 41 ff c2 f3 0f 6f 72 10 41 8b c2 f3
0x00007ffcf3f07bb0:   0f 6f 6a 20 f3 0f 6f 62 30 f3 0f 6f 5a 40 f3 0f
0x00007ffcf3f07bc0:   6f 52 50 f3 0f 6f 4a 60 f3 0f 6f 42 70 66 0f e7
0x00007ffcf3f07bd0:   3f 66 0f e7 77 10 66 0f e7 6f 20 66 0f e7 67 30
0x00007ffcf3f07be0:   66 0f e7 5f 40 66 0f e7 57 50 66 0f e7 4f 60 66
0x00007ffcf3f07bf0:   0f e7 47 70 48 83 ef 80 48 83 ea 80 49 3b c1 72
0x00007ffcf3f07c00:   9f 41 83 e0 7f 0f 84 e0 00 00 00 45 8b d0 44 8b
0x00007ffcf3f07c10:   c9 49 c1 ea 04 4d 85 d2 0f 84 cd 00 00 00 66 90
0x00007ffcf3f07c20:   f3 0f 6f 02 41 ff c1 48 83 c2 10 41 8b c1 66 0f
0x00007ffcf3f07c30:   e7 07 48 83 c7 10 49 3b c2 72 e5 e9 ab 00 00 00
0x00007ffcf3f07c40:   4d 85 c9 74 6c 66 66 66 0f 1f 84 00 00 00 00 00
0x00007ffcf3f07c50:   f3 0f 6f 3a 41 ff c2 f3 0f 6f 72 10 f3 0f 6f 6a
0x00007ffcf3f07c60:   20 f3 0f 6f 62 30 f3 0f 6f 5a 40 f3 0f 6f 52 50
0x00007ffcf3f07c70:   f3 0f 6f 4a 60 f3 0f 6f 42 70 48 83 ea 80 66 0f
0x00007ffcf3f07c80:   e7 3f 66 0f e7 77 10 66 0f e7 6f 20 66 0f e7 67
0x00007ffcf3f07c90:   30 66 0f e7 5f 40 66 0f e7 57 50 66 0f e7 4f 60
0x00007ffcf3f07ca0:   66 0f e7 47 70 48 83 ef 80 41 8b c2 49 3b c1 72
0x00007ffcf3f07cb0:   9f 41 83 e0 7f 74 34 45 8b d0 44 8b c9 49 c1 ea
0x00007ffcf3f07cc0:   04 4d 85 d2 74 25 66 66 0f 1f 84 00 00 00 00 00
0x00007ffcf3f07cd0:   f3 0f 6f 02 41 ff c1 66 0f e7 07 48 83 c7 10 41
0x00007ffcf3f07ce0:   8b c1 48 83 c2 10 49 3b c2 72 e5 0f 28 74 24 10
0x00007ffcf3f07cf0:   0f 28 3c 24 41 83 e0 0f 74 49 45 8b d0 44 8b c9
0x00007ffcf3f07d00:   49 c1 ea 02 4d 85 d2 74 1e 0f 1f 80 00 00 00 00
0x00007ffcf3f07d10:   8b 02 41 ff c1 89 07 48 83 c2 04 48 83 c7 04 41
0x00007ffcf3f07d20:   8b c1 49 3b c2 72 e9 41 83 e0 03 76 16 48 2b d7
0x00007ffcf3f07d30:   0f b6 04 3a ff c1 88 07 48 8d 7f 01 8b c1 49 3b
0x00007ffcf3f07d40:   c0 72 ed 48 83 c4 20 5f c3 cc cc cc cc cc cc cc 


Stack slot to memory mapping:
stack at sp + 0 slots: 0x0 is NULL
stack at sp + 1 slots: 0x0 is NULL
stack at sp + 2 slots: 0x0 is NULL
stack at sp + 3 slots: 0x0 is NULL
stack at sp + 4 slots: 0x0000000000000010 is an unknown value
stack at sp + 5 slots: 0x00007ffcf426cdcc ig9icd64.dll
stack at sp + 6 slots: 0x000001e000000280 is an unknown value
stack at sp + 7 slots: 0x0000000000000010 is an unknown value


---------------  P R O C E S S  ---------------

Threads class SMR info:
_java_thread_list=0x0000027fd76ab5c0, length=12, elements={
0x0000027fb0063800, 0x0000027fd03f1800, 0x0000027fd03f2800, 0x0000027fd040a800,
0x0000027fd040c800, 0x0000027fd0416800, 0x0000027fd0426800, 0x0000027fd042f800,
0x0000027fd0e96000, 0x0000027fd0e94000, 0x0000027fd0e96800, 0x0000027fd76ac000
}

Java Threads: ( => current thread )
=>0x0000027fb0063800 JavaThread "main" [_thread_in_native, id=13296, stack(0x0000009e58b00000,0x0000009e58c00000)]
  0x0000027fd03f1800 JavaThread "Reference Handler" daemon [_thread_blocked, id=18240, stack(0x0000009e59200000,0x0000009e59300000)]
  0x0000027fd03f2800 JavaThread "Finalizer" daemon [_thread_blocked, id=3412, stack(0x0000009e59300000,0x0000009e59400000)]
  0x0000027fd040a800 JavaThread "Signal Dispatcher" daemon [_thread_blocked, id=5352, stack(0x0000009e59400000,0x0000009e59500000)]
  0x0000027fd040c800 JavaThread "Attach Listener" daemon [_thread_blocked, id=7364, stack(0x0000009e59500000,0x0000009e59600000)]
  0x0000027fd0416800 JavaThread "C2 CompilerThread0" daemon [_thread_blocked, id=17168, stack(0x0000009e59600000,0x0000009e59700000)]
  0x0000027fd0426800 JavaThread "C1 CompilerThread0" daemon [_thread_blocked, id=10096, stack(0x0000009e59700000,0x0000009e59800000)]
  0x0000027fd042f800 JavaThread "Sweeper thread" daemon [_thread_blocked, id=13172, stack(0x0000009e59800000,0x0000009e59900000)]
  0x0000027fd0e96000 JavaThread "Service Thread" daemon [_thread_blocked, id=16768, stack(0x0000009e59900000,0x0000009e59a00000)]
  0x0000027fd0e94000 JavaThread "Common-Cleaner" daemon [_thread_blocked, id=17972, stack(0x0000009e59b00000,0x0000009e59c00000)]
  0x0000027fd0e96800 JavaThread "Java2D Disposer" daemon [_thread_blocked, id=1792, stack(0x0000009e5a300000,0x0000009e5a400000)]
  0x0000027fd76ac000 JavaThread "C2 CompilerThread1" daemon [_thread_blocked, id=10848, stack(0x0000009e5a400000,0x0000009e5a500000)]

Other Threads:
  0x0000027fd03ec000 VMThread "VM Thread" [stack: 0x0000009e59100000,0x0000009e59200000] [id=15812]
  0x0000027fd0e9a000 WatcherThread [stack: 0x0000009e59a00000,0x0000009e59b00000] [id=12316]
  0x0000027fb00a5800 GCTaskThread "GC Thread#0" [stack: 0x0000009e58c00000,0x0000009e58d00000] [id=3332]
  0x0000027fd18a3800 GCTaskThread "GC Thread#1" [stack: 0x0000009e5a100000,0x0000009e5a200000] [id=18028]
  0x0000027fd18a2000 GCTaskThread "GC Thread#2" [stack: 0x0000009e5a200000,0x0000009e5a300000] [id=1584]
  0x0000027fb00b3000 ConcurrentGCThread "G1 Main Marker" [stack: 0x0000009e58d00000,0x0000009e58e00000] [id=7140]
  0x0000027fb00ba000 ConcurrentGCThread "G1 Conc#0" [stack: 0x0000009e58e00000,0x0000009e58f00000] [id=18380]
  0x0000027fb014c800 ConcurrentGCThread "G1 Refine#0" [stack: 0x0000009e58f00000,0x0000009e59000000] [id=14168]
  0x0000027fb014d800 ConcurrentGCThread "G1 Young RemSet Sampling" [stack: 0x0000009e59000000,0x0000009e59100000] [id=6600]

Threads with active compile tasks:

VM state:not at safepoint (normal execution)

VM Mutex/Monitor currently owned by a thread: None

Heap address: 0x0000000081200000, size: 2030 MB, Compressed Oops mode: 32-bit
Narrow klass base: 0x0000000800000000, Narrow klass shift: 3
Compressed class space size: 1073741824 Address: 0x0000000801190000

Heap:
 garbage-first heap   total 131072K, used 14101K [0x0000000081200000, 0x0000000100000000)
  region size 1024K, 12 young (12288K), 2 survivors (2048K)
 Metaspace       used 6626K, capacity 8476K, committed 8576K, reserved 1056768K
  class space    used 407K, capacity 598K, committed 640K, reserved 1048576K
Heap Regions: E=young(eden), S=young(survivor), O=old, HS=humongous(starts), HC=humongous(continues), CS=collection set, F=free, A=archive, TAMS=top-at-mark-start (previous, next)
|   0|0x0000000081200000, 0x0000000081300000, 0x0000000081300000|100%|HS|  |TAMS 0x0000000081200000, 0x0000000081200000| Complete 
|   1|0x0000000081300000, 0x0000000081400000, 0x0000000081400000|100%|HS|  |TAMS 0x0000000081300000, 0x0000000081300000| Complete 
|   2|0x0000000081400000, 0x0000000081500000, 0x0000000081500000|100%|HC|  |TAMS 0x0000000081400000, 0x0000000081400000| Complete 
|   3|0x0000000081500000, 0x0000000081500000, 0x0000000081600000|  0%| F|  |TAMS 0x0000000081500000, 0x0000000081500000| Untracked 
|   4|0x0000000081600000, 0x0000000081600000, 0x0000000081700000|  0%| F|  |TAMS 0x0000000081600000, 0x0000000081600000| Untracked 
|   5|0x0000000081700000, 0x0000000081700000, 0x0000000081800000|  0%| F|  |TAMS 0x0000000081700000, 0x0000000081700000| Untracked 
|   6|0x0000000081800000, 0x0000000081800000, 0x0000000081900000|  0%| F|  |TAMS 0x0000000081800000, 0x0000000081800000| Untracked 
|   7|0x0000000081900000, 0x0000000081900000, 0x0000000081a00000|  0%| F|  |TAMS 0x0000000081900000, 0x0000000081900000| Untracked 
|   8|0x0000000081a00000, 0x0000000081a00000, 0x0000000081b00000|  0%| F|  |TAMS 0x0000000081a00000, 0x0000000081a00000| Untracked 
|   9|0x0000000081b00000, 0x0000000081b00000, 0x0000000081c00000|  0%| F|  |TAMS 0x0000000081b00000, 0x0000000081b00000| Untracked 
|  10|0x0000000081c00000, 0x0000000081c00000, 0x0000000081d00000|  0%| F|  |TAMS 0x0000000081c00000, 0x0000000081c00000| Untracked 
|  11|0x0000000081d00000, 0x0000000081d00000, 0x0000000081e00000|  0%| F|  |TAMS 0x0000000081d00000, 0x0000000081d00000| Untracked 
|  12|0x0000000081e00000, 0x0000000081e00000, 0x0000000081f00000|  0%| F|  |TAMS 0x0000000081e00000, 0x0000000081e00000| Untracked 
|  13|0x0000000081f00000, 0x0000000081f00000, 0x0000000082000000|  0%| F|  |TAMS 0x0000000081f00000, 0x0000000081f00000| Untracked 
|  14|0x0000000082000000, 0x0000000082000000, 0x0000000082100000|  0%| F|  |TAMS 0x0000000082000000, 0x0000000082000000| Untracked 
|  15|0x0000000082100000, 0x0000000082100000, 0x0000000082200000|  0%| F|  |TAMS 0x0000000082100000, 0x0000000082100000| Untracked 
|  16|0x0000000082200000, 0x0000000082200000, 0x0000000082300000|  0%| F|  |TAMS 0x0000000082200000, 0x0000000082200000| Untracked 
|  17|0x0000000082300000, 0x0000000082300000, 0x0000000082400000|  0%| F|  |TAMS 0x0000000082300000, 0x0000000082300000| Untracked 
|  18|0x0000000082400000, 0x0000000082400000, 0x0000000082500000|  0%| F|  |TAMS 0x0000000082400000, 0x0000000082400000| Untracked 
|  19|0x0000000082500000, 0x0000000082500000, 0x0000000082600000|  0%| F|  |TAMS 0x0000000082500000, 0x0000000082500000| Untracked 
|  20|0x0000000082600000, 0x0000000082600000, 0x0000000082700000|  0%| F|  |TAMS 0x0000000082600000, 0x0000000082600000| Untracked 
|  21|0x0000000082700000, 0x0000000082700000, 0x0000000082800000|  0%| F|  |TAMS 0x0000000082700000, 0x0000000082700000| Untracked 
|  22|0x0000000082800000, 0x0000000082800000, 0x0000000082900000|  0%| F|  |TAMS 0x0000000082800000, 0x0000000082800000| Untracked 
|  23|0x0000000082900000, 0x0000000082900000, 0x0000000082a00000|  0%| F|  |TAMS 0x0000000082900000, 0x0000000082900000| Untracked 
|  24|0x0000000082a00000, 0x0000000082a00000, 0x0000000082b00000|  0%| F|  |TAMS 0x0000000082a00000, 0x0000000082a00000| Untracked 
|  25|0x0000000082b00000, 0x0000000082b00000, 0x0000000082c00000|  0%| F|  |TAMS 0x0000000082b00000, 0x0000000082b00000| Untracked 
|  26|0x0000000082c00000, 0x0000000082c00000, 0x0000000082d00000|  0%| F|  |TAMS 0x0000000082c00000, 0x0000000082c00000| Untracked 
|  27|0x0000000082d00000, 0x0000000082d00000, 0x0000000082e00000|  0%| F|  |TAMS 0x0000000082d00000, 0x0000000082d00000| Untracked 
|  28|0x0000000082e00000, 0x0000000082e00000, 0x0000000082f00000|  0%| F|  |TAMS 0x0000000082e00000, 0x0000000082e00000| Untracked 
|  29|0x0000000082f00000, 0x0000000082f00000, 0x0000000083000000|  0%| F|  |TAMS 0x0000000082f00000, 0x0000000082f00000| Untracked 
|  30|0x0000000083000000, 0x0000000083000000, 0x0000000083100000|  0%| F|  |TAMS 0x0000000083000000, 0x0000000083000000| Untracked 
|  31|0x0000000083100000, 0x0000000083100000, 0x0000000083200000|  0%| F|  |TAMS 0x0000000083100000, 0x0000000083100000| Untracked 
|  32|0x0000000083200000, 0x0000000083200000, 0x0000000083300000|  0%| F|  |TAMS 0x0000000083200000, 0x0000000083200000| Untracked 
|  33|0x0000000083300000, 0x0000000083300000, 0x0000000083400000|  0%| F|  |TAMS 0x0000000083300000, 0x0000000083300000| Untracked 
|  34|0x0000000083400000, 0x0000000083400000, 0x0000000083500000|  0%| F|  |TAMS 0x0000000083400000, 0x0000000083400000| Untracked 
|  35|0x0000000083500000, 0x0000000083500000, 0x0000000083600000|  0%| F|  |TAMS 0x0000000083500000, 0x0000000083500000| Untracked 
|  36|0x0000000083600000, 0x0000000083600000, 0x0000000083700000|  0%| F|  |TAMS 0x0000000083600000, 0x0000000083600000| Untracked 
|  37|0x0000000083700000, 0x0000000083700000, 0x0000000083800000|  0%| F|  |TAMS 0x0000000083700000, 0x0000000083700000| Untracked 
|  38|0x0000000083800000, 0x0000000083800000, 0x0000000083900000|  0%| F|  |TAMS 0x0000000083800000, 0x0000000083800000| Untracked 
|  39|0x0000000083900000, 0x0000000083900000, 0x0000000083a00000|  0%| F|  |TAMS 0x0000000083900000, 0x0000000083900000| Untracked 
|  40|0x0000000083a00000, 0x0000000083a00000, 0x0000000083b00000|  0%| F|  |TAMS 0x0000000083a00000, 0x0000000083a00000| Untracked 
|  41|0x0000000083b00000, 0x0000000083b00000, 0x0000000083c00000|  0%| F|  |TAMS 0x0000000083b00000, 0x0000000083b00000| Untracked 
|  42|0x0000000083c00000, 0x0000000083c00000, 0x0000000083d00000|  0%| F|  |TAMS 0x0000000083c00000, 0x0000000083c00000| Untracked 
|  43|0x0000000083d00000, 0x0000000083d00000, 0x0000000083e00000|  0%| F|  |TAMS 0x0000000083d00000, 0x0000000083d00000| Untracked 
|  44|0x0000000083e00000, 0x0000000083e00000, 0x0000000083f00000|  0%| F|  |TAMS 0x0000000083e00000, 0x0000000083e00000| Untracked 
|  45|0x0000000083f00000, 0x0000000083f00000, 0x0000000084000000|  0%| F|  |TAMS 0x0000000083f00000, 0x0000000083f00000| Untracked 
|  46|0x0000000084000000, 0x0000000084000000, 0x0000000084100000|  0%| F|  |TAMS 0x0000000084000000, 0x0000000084000000| Untracked 
|  47|0x0000000084100000, 0x0000000084100000, 0x0000000084200000|  0%| F|  |TAMS 0x0000000084100000, 0x0000000084100000| Untracked 
|  48|0x0000000084200000, 0x0000000084200000, 0x0000000084300000|  0%| F|  |TAMS 0x0000000084200000, 0x0000000084200000| Untracked 
|  49|0x0000000084300000, 0x0000000084300000, 0x0000000084400000|  0%| F|  |TAMS 0x0000000084300000, 0x0000000084300000| Untracked 
|  50|0x0000000084400000, 0x0000000084400000, 0x0000000084500000|  0%| F|  |TAMS 0x0000000084400000, 0x0000000084400000| Untracked 
|  51|0x0000000084500000, 0x0000000084500000, 0x0000000084600000|  0%| F|  |TAMS 0x0000000084500000, 0x0000000084500000| Untracked 
|  52|0x0000000084600000, 0x0000000084600000, 0x0000000084700000|  0%| F|  |TAMS 0x0000000084600000, 0x0000000084600000| Untracked 
|  53|0x0000000084700000, 0x0000000084700000, 0x0000000084800000|  0%| F|  |TAMS 0x0000000084700000, 0x0000000084700000| Untracked 
|  54|0x0000000084800000, 0x0000000084800000, 0x0000000084900000|  0%| F|  |TAMS 0x0000000084800000, 0x0000000084800000| Untracked 
|  55|0x0000000084900000, 0x0000000084900000, 0x0000000084a00000|  0%| F|  |TAMS 0x0000000084900000, 0x0000000084900000| Untracked 
|  56|0x0000000084a00000, 0x0000000084a00000, 0x0000000084b00000|  0%| F|  |TAMS 0x0000000084a00000, 0x0000000084a00000| Untracked 
|  57|0x0000000084b00000, 0x0000000084b00000, 0x0000000084c00000|  0%| F|  |TAMS 0x0000000084b00000, 0x0000000084b00000| Untracked 
|  58|0x0000000084c00000, 0x0000000084c00000, 0x0000000084d00000|  0%| F|  |TAMS 0x0000000084c00000, 0x0000000084c00000| Untracked 
|  59|0x0000000084d00000, 0x0000000084d00000, 0x0000000084e00000|  0%| F|  |TAMS 0x0000000084d00000, 0x0000000084d00000| Untracked 
|  60|0x0000000084e00000, 0x0000000084e00000, 0x0000000084f00000|  0%| F|  |TAMS 0x0000000084e00000, 0x0000000084e00000| Untracked 
|  61|0x0000000084f00000, 0x0000000084f00000, 0x0000000085000000|  0%| F|  |TAMS 0x0000000084f00000, 0x0000000084f00000| Untracked 
|  62|0x0000000085000000, 0x0000000085000000, 0x0000000085100000|  0%| F|  |TAMS 0x0000000085000000, 0x0000000085000000| Untracked 
|  63|0x0000000085100000, 0x0000000085100000, 0x0000000085200000|  0%| F|  |TAMS 0x0000000085100000, 0x0000000085100000| Untracked 
|  64|0x0000000085200000, 0x0000000085200000, 0x0000000085300000|  0%| F|  |TAMS 0x0000000085200000, 0x0000000085200000| Untracked 
|  65|0x0000000085300000, 0x0000000085300000, 0x0000000085400000|  0%| F|  |TAMS 0x0000000085300000, 0x0000000085300000| Untracked 
|  66|0x0000000085400000, 0x0000000085400000, 0x0000000085500000|  0%| F|  |TAMS 0x0000000085400000, 0x0000000085400000| Untracked 
|  67|0x0000000085500000, 0x0000000085500000, 0x0000000085600000|  0%| F|  |TAMS 0x0000000085500000, 0x0000000085500000| Untracked 
|  68|0x0000000085600000, 0x0000000085600000, 0x0000000085700000|  0%| F|  |TAMS 0x0000000085600000, 0x0000000085600000| Untracked 
|  69|0x0000000085700000, 0x0000000085700000, 0x0000000085800000|  0%| F|  |TAMS 0x0000000085700000, 0x0000000085700000| Untracked 
|  70|0x0000000085800000, 0x0000000085800000, 0x0000000085900000|  0%| F|  |TAMS 0x0000000085800000, 0x0000000085800000| Untracked 
|  71|0x0000000085900000, 0x0000000085900000, 0x0000000085a00000|  0%| F|  |TAMS 0x0000000085900000, 0x0000000085900000| Untracked 
|  72|0x0000000085a00000, 0x0000000085a00000, 0x0000000085b00000|  0%| F|  |TAMS 0x0000000085a00000, 0x0000000085a00000| Untracked 
|  73|0x0000000085b00000, 0x0000000085b00000, 0x0000000085c00000|  0%| F|  |TAMS 0x0000000085b00000, 0x0000000085b00000| Untracked 
|  74|0x0000000085c00000, 0x0000000085c00000, 0x0000000085d00000|  0%| F|  |TAMS 0x0000000085c00000, 0x0000000085c00000| Untracked 
|  75|0x0000000085d00000, 0x0000000085d00000, 0x0000000085e00000|  0%| F|  |TAMS 0x0000000085d00000, 0x0000000085d00000| Untracked 
|  76|0x0000000085e00000, 0x0000000085e00000, 0x0000000085f00000|  0%| F|  |TAMS 0x0000000085e00000, 0x0000000085e00000| Untracked 
|  77|0x0000000085f00000, 0x0000000085f00000, 0x0000000086000000|  0%| F|  |TAMS 0x0000000085f00000, 0x0000000085f00000| Untracked 
|  78|0x0000000086000000, 0x0000000086000000, 0x0000000086100000|  0%| F|  |TAMS 0x0000000086000000, 0x0000000086000000| Untracked 
|  79|0x0000000086100000, 0x0000000086100000, 0x0000000086200000|  0%| F|  |TAMS 0x0000000086100000, 0x0000000086100000| Untracked 
|  80|0x0000000086200000, 0x0000000086200000, 0x0000000086300000|  0%| F|  |TAMS 0x0000000086200000, 0x0000000086200000| Untracked 
|  81|0x0000000086300000, 0x0000000086300000, 0x0000000086400000|  0%| F|  |TAMS 0x0000000086300000, 0x0000000086300000| Untracked 
|  82|0x0000000086400000, 0x0000000086400000, 0x0000000086500000|  0%| F|  |TAMS 0x0000000086400000, 0x0000000086400000| Untracked 
|  83|0x0000000086500000, 0x0000000086500000, 0x0000000086600000|  0%| F|  |TAMS 0x0000000086500000, 0x0000000086500000| Untracked 
|  84|0x0000000086600000, 0x0000000086600000, 0x0000000086700000|  0%| F|  |TAMS 0x0000000086600000, 0x0000000086600000| Untracked 
|  85|0x0000000086700000, 0x0000000086700000, 0x0000000086800000|  0%| F|  |TAMS 0x0000000086700000, 0x0000000086700000| Untracked 
|  86|0x0000000086800000, 0x0000000086800000, 0x0000000086900000|  0%| F|  |TAMS 0x0000000086800000, 0x0000000086800000| Untracked 
|  87|0x0000000086900000, 0x0000000086900000, 0x0000000086a00000|  0%| F|  |TAMS 0x0000000086900000, 0x0000000086900000| Untracked 
|  88|0x0000000086a00000, 0x0000000086a00000, 0x0000000086b00000|  0%| F|  |TAMS 0x0000000086a00000, 0x0000000086a00000| Untracked 
|  89|0x0000000086b00000, 0x0000000086b00000, 0x0000000086c00000|  0%| F|  |TAMS 0x0000000086b00000, 0x0000000086b00000| Untracked 
|  90|0x0000000086c00000, 0x0000000086c00000, 0x0000000086d00000|  0%| F|  |TAMS 0x0000000086c00000, 0x0000000086c00000| Untracked 
|  91|0x0000000086d00000, 0x0000000086d00000, 0x0000000086e00000|  0%| F|  |TAMS 0x0000000086d00000, 0x0000000086d00000| Untracked 
|  92|0x0000000086e00000, 0x0000000086e00000, 0x0000000086f00000|  0%| F|  |TAMS 0x0000000086e00000, 0x0000000086e00000| Untracked 
|  93|0x0000000086f00000, 0x0000000086f00000, 0x0000000087000000|  0%| F|  |TAMS 0x0000000086f00000, 0x0000000086f00000| Untracked 
|  94|0x0000000087000000, 0x0000000087000000, 0x0000000087100000|  0%| F|  |TAMS 0x0000000087000000, 0x0000000087000000| Untracked 
|  95|0x0000000087100000, 0x0000000087100000, 0x0000000087200000|  0%| F|  |TAMS 0x0000000087100000, 0x0000000087100000| Untracked 
|  96|0x0000000087200000, 0x0000000087200000, 0x0000000087300000|  0%| F|  |TAMS 0x0000000087200000, 0x0000000087200000| Untracked 
|  97|0x0000000087300000, 0x0000000087300000, 0x0000000087400000|  0%| F|  |TAMS 0x0000000087300000, 0x0000000087300000| Untracked 
|  98|0x0000000087400000, 0x0000000087400000, 0x0000000087500000|  0%| F|  |TAMS 0x0000000087400000, 0x0000000087400000| Untracked 
|  99|0x0000000087500000, 0x0000000087500000, 0x0000000087600000|  0%| F|  |TAMS 0x0000000087500000, 0x0000000087500000| Untracked 
| 100|0x0000000087600000, 0x0000000087600000, 0x0000000087700000|  0%| F|  |TAMS 0x0000000087600000, 0x0000000087600000| Untracked 
| 101|0x0000000087700000, 0x0000000087700000, 0x0000000087800000|  0%| F|  |TAMS 0x0000000087700000, 0x0000000087700000| Untracked 
| 102|0x0000000087800000, 0x0000000087800000, 0x0000000087900000|  0%| F|  |TAMS 0x0000000087800000, 0x0000000087800000| Untracked 
| 103|0x0000000087900000, 0x0000000087900000, 0x0000000087a00000|  0%| F|  |TAMS 0x0000000087900000, 0x0000000087900000| Untracked 
| 104|0x0000000087a00000, 0x0000000087a00000, 0x0000000087b00000|  0%| F|  |TAMS 0x0000000087a00000, 0x0000000087a00000| Untracked 
| 105|0x0000000087b00000, 0x0000000087b00000, 0x0000000087c00000|  0%| F|  |TAMS 0x0000000087b00000, 0x0000000087b00000| Untracked 
| 106|0x0000000087c00000, 0x0000000087c00000, 0x0000000087d00000|  0%| F|  |TAMS 0x0000000087c00000, 0x0000000087c00000| Untracked 
| 107|0x0000000087d00000, 0x0000000087d00000, 0x0000000087e00000|  0%| F|  |TAMS 0x0000000087d00000, 0x0000000087d00000| Untracked 
| 108|0x0000000087e00000, 0x0000000087e00000, 0x0000000087f00000|  0%| F|  |TAMS 0x0000000087e00000, 0x0000000087e00000| Untracked 
| 109|0x0000000087f00000, 0x0000000087f00000, 0x0000000088000000|  0%| F|  |TAMS 0x0000000087f00000, 0x0000000087f00000| Untracked 
| 110|0x0000000088000000, 0x0000000088000000, 0x0000000088100000|  0%| F|  |TAMS 0x0000000088000000, 0x0000000088000000| Untracked 
| 111|0x0000000088100000, 0x0000000088100000, 0x0000000088200000|  0%| F|  |TAMS 0x0000000088100000, 0x0000000088100000| Untracked 
| 112|0x0000000088200000, 0x00000000882c5748, 0x0000000088300000| 77%| S|CS|TAMS 0x0000000088200000, 0x0000000088200000| Complete 
| 113|0x0000000088300000, 0x0000000088400000, 0x0000000088400000|100%| S|CS|TAMS 0x0000000088300000, 0x0000000088300000| Complete 
| 114|0x0000000088400000, 0x0000000088400000, 0x0000000088500000|  0%| F|  |TAMS 0x0000000088400000, 0x0000000088400000| Untracked 
| 115|0x0000000088500000, 0x0000000088500000, 0x0000000088600000|  0%| F|  |TAMS 0x0000000088500000, 0x0000000088500000| Untracked 
| 116|0x0000000088600000, 0x0000000088600000, 0x0000000088700000|  0%| F|  |TAMS 0x0000000088600000, 0x0000000088600000| Untracked 
| 117|0x0000000088700000, 0x0000000088700000, 0x0000000088800000|  0%| F|  |TAMS 0x0000000088700000, 0x0000000088700000| Untracked 
| 118|0x0000000088800000, 0x0000000088880800, 0x0000000088900000| 50%| E|  |TAMS 0x0000000088800000, 0x0000000088800000| Complete 
| 119|0x0000000088900000, 0x0000000088a00000, 0x0000000088a00000|100%| E|CS|TAMS 0x0000000088900000, 0x0000000088900000| Complete 
| 120|0x0000000088a00000, 0x0000000088b00000, 0x0000000088b00000|100%| E|CS|TAMS 0x0000000088a00000, 0x0000000088a00000| Complete 
| 121|0x0000000088b00000, 0x0000000088c00000, 0x0000000088c00000|100%| E|CS|TAMS 0x0000000088b00000, 0x0000000088b00000| Complete 
| 122|0x0000000088c00000, 0x0000000088d00000, 0x0000000088d00000|100%| E|CS|TAMS 0x0000000088c00000, 0x0000000088c00000| Complete 
| 123|0x0000000088d00000, 0x0000000088e00000, 0x0000000088e00000|100%| E|CS|TAMS 0x0000000088d00000, 0x0000000088d00000| Complete 
| 124|0x0000000088e00000, 0x0000000088f00000, 0x0000000088f00000|100%| E|CS|TAMS 0x0000000088e00000, 0x0000000088e00000| Complete 
| 125|0x0000000088f00000, 0x0000000089000000, 0x0000000089000000|100%| E|CS|TAMS 0x0000000088f00000, 0x0000000088f00000| Complete 
| 126|0x0000000089000000, 0x0000000089100000, 0x0000000089100000|100%| E|CS|TAMS 0x0000000089000000, 0x0000000089000000| Complete 
| 127|0x0000000089100000, 0x0000000089200000, 0x0000000089200000|100%| E|CS|TAMS 0x0000000089100000, 0x0000000089100000| Complete 

Card table byte_map: [0x0000027fc9660000,0x0000027fc9a60000] _byte_map_base: 0x0000027fc9257000

Marking Bits (Prev, Next): (CMBitMap*) 0x0000027fb00a67d8, (CMBitMap*) 0x0000027fb00a6818
 Prev Bits: [0x0000027fc9e60000, 0x0000027fcbe18000)
 Next Bits: [0x0000027fcbe20000, 0x0000027fcddd8000)

Polling page: 0x0000027faff10000

Metaspace:

Usage:
  Non-class:      7.69 MB capacity,     6.07 MB ( 79%) used,     1.61 MB ( 21%) free+waste,    12.00 KB ( <1%) overhead. 
      Class:    598.00 KB capacity,   407.95 KB ( 68%) used,   184.62 KB ( 31%) free+waste,     5.44 KB ( <1%) overhead. 
       Both:      8.28 MB capacity,     6.47 MB ( 78%) used,     1.79 MB ( 22%) free+waste,    17.44 KB ( <1%) overhead. 

Virtual space:
  Non-class space:        8.00 MB reserved,       7.75 MB ( 97%) committed 
      Class space:        1.00 GB reserved,     640.00 KB ( <1%) committed 
             Both:        1.01 GB reserved,       8.38 MB ( <1%) committed 

Chunk freelists:
   Non-Class:  7.25 KB
       Class:  0 bytes
        Both:  7.25 KB

CodeHeap 'non-profiled nmethods': size=120064Kb used=263Kb max_used=263Kb free=119800Kb
 bounds [0x0000027fc1700000, 0x0000027fc1970000, 0x0000027fc8c40000]
CodeHeap 'profiled nmethods': size=120000Kb used=1606Kb max_used=1606Kb free=118393Kb
 bounds [0x0000027fba1d0000, 0x0000027fba440000, 0x0000027fc1700000]
CodeHeap 'non-nmethods': size=5696Kb used=1477Kb max_used=1491Kb free=4218Kb
 bounds [0x0000027fb9c40000, 0x0000027fb9eb0000, 0x0000027fba1d0000]
 total_blobs=2027 nmethods=875 adapters=885
 compilation: enabled
              stopped_count=0, restarted_count=0
 full_count=0

Compilation events (10 events):
Event: 1.376 Thread 0x0000027fd0416800  872       4       java.awt.image.ComponentColorModel::getAlpha (238 bytes)
Event: 1.376 Thread 0x0000027fd0416800 nmethod 872 0x0000027fc173f310 code [0x0000027fc173f4a0, 0x0000027fc173f538]
Event: 1.376 Thread 0x0000027fd0416800  869       4       java.nio.HeapIntBuffer::put (17 bytes)
Event: 1.378 Thread 0x0000027fd0416800 nmethod 869 0x0000027fc173f610 code [0x0000027fc173f7c0, 0x0000027fc173f8d8]
Event: 1.378 Thread 0x0000027fd76ac000 nmethod 870 0x0000027fc173fa10 code [0x0000027fc173fc00, 0x0000027fc17401c8]
Event: 1.381 Thread 0x0000027fd0426800  873 %     3       jrtr.glrenderer.GLTexture::getData @ 24 (107 bytes)
Event: 1.381 Thread 0x0000027fd0426800 nmethod 873% 0x0000027fba35eb90 code [0x0000027fba35ee40, 0x0000027fba35fc90]
Event: 1.382 Thread 0x0000027fd0426800  874       3       jrtr.glrenderer.GLTexture::getData (107 bytes)
Event: 1.382 Thread 0x0000027fd0426800 nmethod 874 0x0000027fba360290 code [0x0000027fba360540, 0x0000027fba361300]
Event: 1.383 Thread 0x0000027fd0416800  875 %     4       jrtr.glrenderer.GLTexture::getData @ 24 (107 bytes)

GC Heap History (2 events):
Event: 1.268 GC heap before
{Heap before GC invocations=0 (full 0):
 garbage-first heap   total 131072K, used 14336K [0x0000000081200000, 0x0000000100000000)
  region size 1024K, 14 young (14336K), 0 survivors (0K)
 Metaspace       used 5537K, capacity 8401K, committed 8576K, reserved 1056768K
  class space    used 290K, capacity 571K, committed 640K, reserved 1048576K
}
Event: 1.273 GC heap after
{Heap after GC invocations=1 (full 0):
 garbage-first heap   total 131072K, used 1813K [0x0000000081200000, 0x0000000100000000)
  region size 1024K, 2 young (2048K), 2 survivors (2048K)
 Metaspace       used 5537K, capacity 8401K, committed 8576K, reserved 1056768K
  class space    used 290K, capacity 571K, committed 640K, reserved 1048576K
}

Deoptimization events (1 events):
Event: 0.158 Thread 0x0000027fb0063800 Uncommon trap: reason=unstable_if action=reinterpret pc=0x0000027fc1704c3c method=java.lang.String.hashCode()I @ 14 c2

Classes redefined (0 events):
No events

Internal exceptions (10 events):
Event: 0.330 Thread 0x0000027fb0063800 Exception <a 'sun/nio/fs/WindowsException'{0x0000000088d1e3b8}> (0x0000000088d1e3b8) thrown at [t:/workspace/open/src/hotspot/share/prims/jni.cpp, line 615]
Event: 0.330 Thread 0x0000027fb0063800 Exception <a 'sun/nio/fs/WindowsException'{0x0000000088d1e778}> (0x0000000088d1e778) thrown at [t:/workspace/open/src/hotspot/share/prims/jni.cpp, line 615]
Event: 0.733 Thread 0x0000027fb0063800 Exception <a 'java/lang/NoSuchMethodError'{0x0000000088d8c420}: java.lang.invoke.DirectMethodHandle$Holder.invokeStatic(Ljava/lang/Object;JII)V> (0x0000000088d8c420) thrown at [t:/workspace/open/src/hotspot/share/interpreter/linkResolver.cpp, line 777]
Event: 0.784 Thread 0x0000027fb0063800 Exception <a 'sun/nio/fs/WindowsException'{0x0000000088ddc548}> (0x0000000088ddc548) thrown at [t:/workspace/open/src/hotspot/share/prims/jni.cpp, line 615]
Event: 0.784 Thread 0x0000027fb0063800 Exception <a 'sun/nio/fs/WindowsException'{0x0000000088ddc948}> (0x0000000088ddc948) thrown at [t:/workspace/open/src/hotspot/share/prims/jni.cpp, line 615]
Event: 0.805 Thread 0x0000027fb0063800 Exception <a 'sun/nio/fs/WindowsException'{0x0000000088df4100}> (0x0000000088df4100) thrown at [t:/workspace/open/src/hotspot/share/prims/jni.cpp, line 615]
Event: 0.806 Thread 0x0000027fb0063800 Exception <a 'sun/nio/fs/WindowsException'{0x0000000088df4430}> (0x0000000088df4430) thrown at [t:/workspace/open/src/hotspot/share/prims/jni.cpp, line 615]
Event: 1.250 Thread 0x0000027fb0063800 Exception <a 'java/lang/ClassNotFoundException'{0x00000000884d04d0}: sun/awt/resources/spi/awtProvider> (0x00000000884d04d0) thrown at [t:/workspace/open/src/hotspot/share/classfile/systemDictionary.cpp, line 235]
Event: 1.287 Thread 0x0000027fb0063800 Exception <a 'java/io/FileNotFoundException'{0x000000008911cc28}> (0x000000008911cc28) thrown at [t:/workspace/open/src/hotspot/share/prims/jni.cpp, line 615]
Event: 1.312 Thread 0x0000027fb0063800 Exception <a 'java/io/FileNotFoundException'{0x0000000089009ba0}> (0x0000000089009ba0) thrown at [t:/workspace/open/src/hotspot/share/prims/jni.cpp, line 615]

Events (10 events):
Event: 1.346 loading class java/awt/image/BufferedImage$1 done
Event: 1.346 loading class sun/awt/image/IntegerComponentRaster
Event: 1.346 loading class sun/awt/image/IntegerComponentRaster done
Event: 1.346 loading class java/awt/image/IndexColorModel
Event: 1.346 loading class java/awt/image/IndexColorModel done
Event: 1.346 loading class sun/awt/image/ShortComponentRaster
Event: 1.346 loading class sun/awt/image/ShortComponentRaster done
Event: 1.360 loading class java/io/RandomAccessFile$1
Event: 1.360 loading class java/io/RandomAccessFile$1 done
Event: 1.372 Thread 0x0000027fd76ac000 Thread added: 0x0000027fd76ac000


Dynamic libraries:
0x00007ff72fc70000 - 0x00007ff72fc7f000 	C:\Program Files\Java\jdk-12.0.2\bin\javaw.exe
0x00007ffd707d0000 - 0x00007ffd709c5000 	C:\WINDOWS\SYSTEM32\ntdll.dll
0x00007ffd6eba0000 - 0x00007ffd6ec5d000 	C:\WINDOWS\System32\KERNEL32.DLL
0x00007ffd6e560000 - 0x00007ffd6e829000 	C:\WINDOWS\System32\KERNELBASE.dll
0x00007ffd6e020000 - 0x00007ffd6e120000 	C:\WINDOWS\System32\ucrtbase.dll
0x00007ffd4e7a0000 - 0x00007ffd4e7b6000 	C:\Program Files\Java\jdk-12.0.2\bin\VCRUNTIME140.dll
0x00007ffd46500000 - 0x00007ffd46518000 	C:\Program Files\Java\jdk-12.0.2\bin\jli.dll
0x00007ffd6eaf0000 - 0x00007ffd6eb9c000 	C:\WINDOWS\System32\ADVAPI32.dll
0x00007ffd6f440000 - 0x00007ffd6f4de000 	C:\WINDOWS\System32\msvcrt.dll
0x00007ffd6f890000 - 0x00007ffd6f92b000 	C:\WINDOWS\System32\sechost.dll
0x00007ffd6e960000 - 0x00007ffd6ea8a000 	C:\WINDOWS\System32\RPCRT4.dll
0x00007ffd6f5c0000 - 0x00007ffd6f760000 	C:\WINDOWS\System32\USER32.dll
0x00007ffd59fa0000 - 0x00007ffd5a23a000 	C:\WINDOWS\WinSxS\amd64_microsoft.windows.common-controls_6595b64144ccf1df_6.0.19041.1110_none_60b5254171f9507e\COMCTL32.dll
0x00007ffd6e120000 - 0x00007ffd6e142000 	C:\WINDOWS\System32\win32u.dll
0x00007ffd6f930000 - 0x00007ffd6f95a000 	C:\WINDOWS\System32\GDI32.dll
0x00007ffd6e150000 - 0x00007ffd6e25b000 	C:\WINDOWS\System32\gdi32full.dll
0x00007ffd6e4c0000 - 0x00007ffd6e55d000 	C:\WINDOWS\System32\msvcp_win.dll
0x00007ffd5d150000 - 0x00007ffd5d15a000 	C:\WINDOWS\SYSTEM32\VERSION.dll
0x00007ffd70530000 - 0x00007ffd70560000 	C:\WINDOWS\System32\IMM32.DLL
0x00007ffd444f0000 - 0x00007ffd4459a000 	C:\Program Files\Java\jdk-12.0.2\bin\msvcp140.dll
0x00007ffcf67d0000 - 0x00007ffcf7347000 	C:\Program Files\Java\jdk-12.0.2\bin\server\jvm.dll
0x00007ffd6f880000 - 0x00007ffd6f888000 	C:\WINDOWS\System32\PSAPI.DLL
0x00007ffd53c20000 - 0x00007ffd53c47000 	C:\WINDOWS\SYSTEM32\WINMM.dll
0x00007ffd5b600000 - 0x00007ffd5b609000 	C:\WINDOWS\SYSTEM32\WSOCK32.dll
0x00007ffd70720000 - 0x00007ffd7078b000 	C:\WINDOWS\System32\ws2_32.DLL
0x00007ffd6c790000 - 0x00007ffd6c7a2000 	C:\WINDOWS\SYSTEM32\kernel.appcore.dll
0x00007ffd59940000 - 0x00007ffd59951000 	C:\Program Files\Java\jdk-12.0.2\bin\verify.dll
0x00007ffd6c420000 - 0x00007ffd6c604000 	C:\WINDOWS\SYSTEM32\DBGHELP.DLL
0x00007ffd51990000 - 0x00007ffd519bc000 	C:\WINDOWS\SYSTEM32\dbgcore.DLL
0x00007ffd6df90000 - 0x00007ffd6e013000 	C:\WINDOWS\System32\bcryptPrimitives.dll
0x00007ffd52f20000 - 0x00007ffd52f46000 	C:\Program Files\Java\jdk-12.0.2\bin\java.dll
0x00007ffd59770000 - 0x00007ffd59787000 	C:\Program Files\Java\jdk-12.0.2\bin\zip.dll
0x00007ffd59920000 - 0x00007ffd5992a000 	C:\Program Files\Java\jdk-12.0.2\bin\jimage.dll
0x00007ffd6fdf0000 - 0x00007ffd7052f000 	C:\WINDOWS\System32\SHELL32.dll
0x00007ffd6bb70000 - 0x00007ffd6c300000 	C:\WINDOWS\SYSTEM32\windows.storage.dll
0x00007ffd6f0e0000 - 0x00007ffd6f435000 	C:\WINDOWS\System32\combase.dll
0x00007ffd6d960000 - 0x00007ffd6d98c000 	C:\WINDOWS\SYSTEM32\Wldp.dll
0x00007ffd6e8b0000 - 0x00007ffd6e95e000 	C:\WINDOWS\System32\SHCORE.dll
0x00007ffd706c0000 - 0x00007ffd70715000 	C:\WINDOWS\System32\shlwapi.dll
0x00007ffd6de40000 - 0x00007ffd6de5f000 	C:\WINDOWS\SYSTEM32\profapi.dll
0x00007ffd58f90000 - 0x00007ffd58fa9000 	C:\Program Files\Java\jdk-12.0.2\bin\net.dll
0x00007ffd5da10000 - 0x00007ffd5dbfc000 	C:\WINDOWS\SYSTEM32\urlmon.dll
0x00007ffd67af0000 - 0x00007ffd67bf8000 	C:\WINDOWS\SYSTEM32\WINHTTP.dll
0x00007ffd5ddd0000 - 0x00007ffd5e080000 	C:\WINDOWS\SYSTEM32\iertutil.dll
0x00007ffd5d9e0000 - 0x00007ffd5da08000 	C:\WINDOWS\SYSTEM32\srvcli.dll
0x00007ffd6d470000 - 0x00007ffd6d47c000 	C:\WINDOWS\SYSTEM32\netutils.dll
0x00007ffd6d6c0000 - 0x00007ffd6d72a000 	C:\WINDOWS\system32\mswsock.dll
0x00007ffd509a0000 - 0x00007ffd509b3000 	C:\Program Files\Java\jdk-12.0.2\bin\nio.dll
0x00007ffd426b0000 - 0x00007ffd42714000 	C:\Users\Matthias Zwicker\AppData\Local\Temp\lwjglMatthias Zwicker\3.2.3-build-13\lwjgl.dll
0x00007ffd42640000 - 0x00007ffd426a2000 	C:\Users\MATTHI~1\AppData\Local\Temp\lwjglMatthias Zwicker\3.2.3-build-13\glfw.dll
0x00007ffd6b460000 - 0x00007ffd6b4fe000 	C:\WINDOWS\system32\uxtheme.dll
0x00007ffd44600000 - 0x00007ffd44645000 	C:\WINDOWS\SYSTEM32\dinput8.dll
0x00007ffd44e00000 - 0x00007ffd44e11000 	C:\WINDOWS\SYSTEM32\xinput1_4.dll
0x00007ffd6e3c0000 - 0x00007ffd6e40e000 	C:\WINDOWS\System32\cfgmgr32.dll
0x00007ffd6dca0000 - 0x00007ffd6dcd4000 	C:\WINDOWS\SYSTEM32\DEVOBJ.dll
0x00007ffd6b580000 - 0x00007ffd6b5af000 	C:\WINDOWS\SYSTEM32\dwmapi.dll
0x00007ffd5f1b0000 - 0x00007ffd5f302000 	C:\WINDOWS\SYSTEM32\inputhost.dll
0x00007ffd705f0000 - 0x00007ffd706bd000 	C:\WINDOWS\System32\OLEAUT32.dll
0x00007ffd6abc0000 - 0x00007ffd6acb2000 	C:\WINDOWS\SYSTEM32\CoreMessaging.dll
0x00007ffd6c640000 - 0x00007ffd6c736000 	C:\WINDOWS\SYSTEM32\PROPSYS.dll
0x00007ffd6a330000 - 0x00007ffd6a484000 	C:\WINDOWS\SYSTEM32\wintypes.dll
0x00007ffd6acc0000 - 0x00007ffd6b01e000 	C:\WINDOWS\SYSTEM32\CoreUIComponents.dll
0x00007ffd6cc00000 - 0x00007ffd6cc33000 	C:\WINDOWS\SYSTEM32\ntmarta.dll
0x00007ffd6f760000 - 0x00007ffd6f875000 	C:\WINDOWS\System32\MSCTF.dll
0x00007ffd6c740000 - 0x00007ffd6c74d000 	C:\WINDOWS\SYSTEM32\HID.DLL
0x00007ffd6ec60000 - 0x00007ffd6f0d2000 	C:\WINDOWS\System32\SETUPAPI.DLL
0x00007ffd6df60000 - 0x00007ffd6df87000 	C:\WINDOWS\System32\bcrypt.dll
0x00007ffd6df00000 - 0x00007ffd6df60000 	C:\WINDOWS\System32\WINTRUST.dll
0x00007ffd6e260000 - 0x00007ffd6e3bf000 	C:\WINDOWS\System32\CRYPT32.dll
0x00007ffd6dae0000 - 0x00007ffd6daf2000 	C:\WINDOWS\SYSTEM32\MSASN1.dll
0x00007ffd1d9c0000 - 0x00007ffd1dae5000 	C:\WINDOWS\SYSTEM32\opengl32.dll
0x00007ffd444c0000 - 0x00007ffd444ec000 	C:\WINDOWS\SYSTEM32\GLU32.dll
0x00007ffd6f960000 - 0x00007ffd6fa09000 	C:\WINDOWS\System32\clbcatq.dll
0x00007ffcf3dd0000 - 0x00007ffcf4cbe000 	C:\WINDOWS\System32\DriverStore\FileRepository\64gh6299.inf_amd64_94401bd29769cd59\ig9icd64.dll
0x00007ffd6c800000 - 0x00007ffd6c8f4000 	C:\WINDOWS\SYSTEM32\dxgi.dll
0x00007ffd67300000 - 0x00007ffd6733b000 	C:\WINDOWS\SYSTEM32\dxcore.dll
0x00007ffd60e80000 - 0x00007ffd62d81000 	C:\WINDOWS\System32\DriverStore\FileRepository\64gh6299.inf_amd64_94401bd29769cd59\igc64.dll
0x00007ffd6d4e0000 - 0x00007ffd6d52b000 	C:\WINDOWS\SYSTEM32\powrprof.dll
0x00007ffd6d340000 - 0x00007ffd6d352000 	C:\WINDOWS\SYSTEM32\UMPDC.dll
0x00007ffd5f310000 - 0x00007ffd5f409000 	C:\WINDOWS\SYSTEM32\textinputframework.dll
0x00007ffd65610000 - 0x00007ffd65676000 	C:\WINDOWS\system32\Oleacc.dll
0x00007ffd425e0000 - 0x00007ffd42639000 	C:\Users\Matthias Zwicker\AppData\Local\Temp\lwjglMatthias Zwicker\3.2.3-build-13\lwjgl_opengl.dll
0x00007ffd15f70000 - 0x00007ffd1610f000 	C:\Program Files\Java\jdk-12.0.2\bin\awt.dll
0x00007ffd69d70000 - 0x00007ffd6a330000 	C:\WINDOWS\SYSTEM32\d2d1.dll
0x00007ffd6b230000 - 0x00007ffd6b2c0000 	C:\WINDOWS\SYSTEM32\apphelp.dll
0x00007ffd42550000 - 0x00007ffd4257d000 	C:\Program Files\Java\jdk-12.0.2\bin\javajpeg.dll

dbghelp: loaded successfully - version: 4.0.5 - missing functions: none
symbol engine: initialized successfully - sym options: 0x614 - pdb path: .;C:\Program Files\Java\jdk-12.0.2\bin;C:\WINDOWS\SYSTEM32;C:\WINDOWS\WinSxS\amd64_microsoft.windows.common-controls_6595b64144ccf1df_6.0.19041.1110_none_60b5254171f9507e;C:\Program Files\Java\jdk-12.0.2\bin\server;C:\Users\Matthias Zwicker\AppData\Local\Temp\lwjglMatthias Zwicker\3.2.3-build-13;C:\Users\MATTHI~1\AppData\Local\Temp\lwjglMatthias Zwicker\3.2.3-build-13;C:\WINDOWS\System32\DriverStore\FileRepository\64gh6299.inf_amd64_94401bd29769cd59

VM Arguments:
jvm_args: -Dfile.encoding=Cp1252 
java_command: simple.simple
java_class_path (initial): C:\Users\Matthias Zwicker\git\JRTR-Base-Code-2021\simple\target\classes;C:\Users\Matthias Zwicker\git\JRTR-Base-Code-2021\jrtr\target\classes;C:\Users\Matthias Zwicker\.m2\repository\javax\vecmath\vecmath\1.5.2\vecmath-1.5.2.jar;C:\Users\Matthias Zwicker\.m2\repository\org\lwjgl\lwjgl\3.2.3\lwjgl-3.2.3.jar;C:\Users\Matthias Zwicker\.m2\repository\org\lwjgl\lwjgl-assimp\3.2.3\lwjgl-assimp-3.2.3.jar;C:\Users\Matthias Zwicker\.m2\repository\org\lwjgl\lwjgl-glfw\3.2.3\lwjgl-glfw-3.2.3.jar;C:\Users\Matthias Zwicker\.m2\repository\org\lwjgl\lwjgl-openal\3.2.3\lwjgl-openal-3.2.3.jar;C:\Users\Matthias Zwicker\.m2\repository\org\lwjgl\lwjgl-opengl\3.2.3\lwjgl-opengl-3.2.3.jar;C:\Users\Matthias Zwicker\.m2\repository\org\lwjgl\lwjgl-stb\3.2.3\lwjgl-stb-3.2.3.jar;C:\Users\Matthias Zwicker\.m2\repository\org\lwjgl\lwjgl\3.2.3\lwjgl-3.2.3-natives-windows.jar;C:\Users\Matthias Zwicker\.m2\repository\org\lwjgl\lwjgl-assimp\3.2.3\lwjgl-assimp-3.2.3-natives-windows.jar;C:\Users\Matthias Zwicker\.m2\repository\org\lwjgl\lwjgl-glfw\3.2.3\lwjgl-glfw-3.2.3-natives-windows.jar;C:\Users\Matthias Zwicker\.m2\repository\org\lwjgl\lwjgl-openal\3.2.3\lwjgl-openal-3.2.3-natives-windows.jar;C:\Users\Matthias Zwicker\.m2\repository\org\lwjgl\lwjgl-opengl\3.2.3\lwjgl-opengl-3.2.3-natives-windows.jar;C:\Users\Matthias Zwicker\.m2\repository\org\lwjgl\lwjgl-stb\3.2.3\lwjgl-stb-3.2.3-natives-windows.jar
Launcher Type: SUN_STANDARD

[Global flags]
     intx CICompilerCount                          = 3                                         {product} {ergonomic}
     uint ConcGCThreads                            = 1                                         {product} {ergonomic}
     uint G1ConcRefinementThreads                  = 4                                         {product} {ergonomic}
   size_t G1HeapRegionSize                         = 1048576                                   {product} {ergonomic}
    uintx GCDrainStackTargetSize                   = 64                                        {product} {ergonomic}
   size_t InitialHeapSize                          = 134217728                                 {product} {ergonomic}
   size_t MarkStackSize                            = 4194304                                   {product} {ergonomic}
   size_t MaxHeapSize                              = 2128609280                                {product} {ergonomic}
   size_t MaxNewSize                               = 1277165568                                {product} {ergonomic}
   size_t MinHeapDeltaBytes                        = 1048576                                   {product} {ergonomic}
    uintx NonNMethodCodeHeapSize                   = 5830732                                {pd product} {ergonomic}
    uintx NonProfiledCodeHeapSize                  = 122913754                              {pd product} {ergonomic}
    uintx ProfiledCodeHeapSize                     = 122913754                              {pd product} {ergonomic}
    uintx ReservedCodeCacheSize                    = 251658240                              {pd product} {ergonomic}
     bool SegmentedCodeCache                       = true                                      {product} {ergonomic}
     bool UseCompressedClassPointers               = true                                 {lp64_product} {ergonomic}
     bool UseCompressedOops                        = true                                 {lp64_product} {ergonomic}
     bool UseG1GC                                  = true                                      {product} {ergonomic}
     bool UseLargePagesIndividualAllocation        = false                                  {pd product} {ergonomic}

Logging:
Log output configuration:
 #0: stdout all=warning uptime,level,tags
 #1: stderr all=off uptime,level,tags

Environment Variables:
PATH=C:/Program Files/Java/jdk-12.0.2/bin/server;C:/Program Files/Java/jdk-12.0.2/bin;C:\Program Files (x86)\Common Files\Oracle\Java\javapath;C:\WINDOWS\system32;C:\WINDOWS;C:\WINDOWS\System32\Wbem;C:\WINDOWS\System32\WindowsPowerShell\v1.0\;C:\Program Files\MiKTeX 2.9\miktex\bin\x64\;C:\WINDOWS\System32\OpenSSH\;C:\Program Files\dotnet\;C:\Program Files\Git\cmd;C:\Program Files (x86)\Pulse Secure\VC142.CRT\X64\;C:\Program Files (x86)\Pulse Secure\VC142.CRT\X86\;C:\Users\Matthias Zwicker\AppData\Local\Microsoft\WindowsApps;C:\Program Files (x86)\GitHub CLI\;C:\WINDOWS\system32;
USERNAME=Matthias Zwicker
OS=Windows_NT
PROCESSOR_IDENTIFIER=Intel64 Family 6 Model 78 Stepping 3, GenuineIntel



---------------  S Y S T E M  ---------------

OS: Windows 10 , 64 bit Build 19041 (10.0.19041.1151)

CPU:total 4 (initial active 4) (2 cores per cpu, 2 threads per core) family 6 model 78 stepping 3, cmov, cx8, fxsr, mmx, sse, sse2, sse3, ssse3, sse4.1, sse4.2, popcnt, avx, avx2, aes, clmul, erms, rtm, 3dnowpref, lzcnt, ht, tsc, tscinvbit, bmi1, bmi2, adx, fma

Memory: 4k page, system-wide physical 8113M (612M free)
TotalPageFile size 15035M (AvailPageFile size 2335M)
current process WorkingSet (physical memory assigned to process): 104M, peak: 104M
current process commit charge ("private bytes"): 224M, peak: 224M

vm_info: Java HotSpot(TM) 64-Bit Server VM (12.0.2+10) for windows-amd64 JRE (12.0.2+10), built on Jul 16 2019 01:56:17 by "mach5one" with MS VC++ 15.5 (VS2017)

END.
