#
# A fatal error has been detected by the Java Runtime Environment:
#
#  EXCEPTION_ACCESS_VIOLATION (0xc0000005) at pc=0x00007ffcf5a17c50, pid=10372, tid=8232
#
# JRE version: Java(TM) SE Runtime Environment (12.0.2+10) (build 12.0.2+10)
# Java VM: Java HotSpot(TM) 64-Bit Server VM (12.0.2+10, mixed mode, sharing, tiered, compressed oops, g1 gc, windows-amd64)
# Problematic frame:
# C  [ig9icd64.dll+0x137c50]
#
# No core dump will be written. Minidumps are not enabled by default on client versions of Windows
#
# If you would like to submit a bug report, please visit:
#   http://bugreport.java.com/bugreport/crash.jsp
# The crash happened outside the Java Virtual Machine in native code.
# See problematic frame for where to report the bug.
#

---------------  S U M M A R Y ------------

Command Line: -Dfile.encoding=Cp1252 simple.simple

Host: Intel(R) Core(TM) i5-6300U CPU @ 2.40GHz, 4 cores, 7G,  Windows 10 , 64 bit Build 19041 (10.0.19041.1151)
Time: Sun Aug 29 23:29:22 2021 Eastern Daylight Time elapsed time: 1 seconds (0d 0h 0m 1s)

---------------  T H R E A D  ---------------

Current thread (0x00000240c0745800):  JavaThread "main" [_thread_in_native, id=8232, stack(0x0000006c86300000,0x0000006c86400000)]

Stack: [0x0000006c86300000,0x0000006c86400000],  sp=0x0000006c863fe1a0,  free space=1016k
Native frames: (J=compiled Java code, j=interpreted, Vv=VM code, C=native code)
C  [ig9icd64.dll+0x137c50]

Java frames: (J=compiled Java code, j=interpreted, Vv=VM code)
j  org.lwjgl.opengl.GL11C.nglTexImage2D(IIIIIIIIJ)V+0
j  org.lwjgl.opengl.GL11C.glTexImage2D(IIIIIIIILjava/nio/IntBuffer;)V+17
j  org.lwjgl.opengl.GL11.glTexImage2D(IIIIIIIILjava/nio/IntBuffer;)V+14
j  jrtr.glrenderer.GLTexture.load(Ljava/lang/String;)V+94
j  simple.simple$SimpleRenderPanel.init(Ljrtr/RenderContext;)V+179
j  jrtr.glrenderer.GLRenderPanel.showWindow()V+40
j  simple.simple.main([Ljava/lang/String;)V+13
v  ~StubRoutines::call_stub

siginfo: EXCEPTION_ACCESS_VIOLATION (0xc0000005), reading address 0x0000000000000010


Register to memory mapping:

RIP=0x00007ffcf5a17c50 ig9icd64.dll
RAX=0x0 is NULL
RBX=0x0000006c863fe290 is pointing into the stack for thread: 0x00000240c0745800
RCX=0x0 is NULL
RDX=0x0000000000000010 is an unknown value
RSP=0x0000006c863fe1a0 is pointing into the stack for thread: 0x00000240c0745800
RBP=0x0000006c863fe300 is pointing into the stack for thread: 0x00000240c0745800
RSI=0x00000240e3ae0000 points into unknown readable memory: 00 00 00 00 00 00 00 00
RDI=0x00000240e3ae0000 points into unknown readable memory: 00 00 00 00 00 00 00 00
R8 =0x000000000012c000 is an unknown value
R9 =0x0000000000002580 is an unknown value
R10=0x0 is NULL
R11=0x00000240e04eebe4 points into unknown readable memory: 00 00 00 00
R12=0x0 is NULL
R13=0x0000006c863fe420 is pointing into the stack for thread: 0x00000240c0745800
R14=0x00000000000001e0 is an unknown value
R15=0x00000000000001c1 is an unknown value


Registers:
RAX=0x0000000000000000, RBX=0x0000006c863fe290, RCX=0x0000000000000000, RDX=0x0000000000000010
RSP=0x0000006c863fe1a0, RBP=0x0000006c863fe300, RSI=0x00000240e3ae0000, RDI=0x00000240e3ae0000
R8 =0x000000000012c000, R9 =0x0000000000002580, R10=0x0000000000000000, R11=0x00000240e04eebe4
R12=0x0000000000000000, R13=0x0000006c863fe420, R14=0x00000000000001e0, R15=0x00000000000001c1
RIP=0x00007ffcf5a17c50, EFLAGS=0x0000000000010202

Top of Stack: (sp=0x0000006c863fe1a0)
0x0000006c863fe1a0:   0000000000000000 0000000000000000
0x0000006c863fe1b0:   0000000000000000 0000000000000000
0x0000006c863fe1c0:   0000000000000010 00007ffcf5d7cdcc
0x0000006c863fe1d0:   000001e000000280 0000000000000010
0x0000006c863fe1e0:   00007ffcf5d7ca70 0000006c863fe420
0x0000006c863fe1f0:   0000000000000000 00007ffcf5d7f64a
0x0000006c863fe200:   0000006c863fe300 0000006c863fe3e0
0x0000006c863fe210:   00000240e3ae0000 00007ffcf5d7dd70
0x0000006c863fe220:   0000003100000049 0000000000000001
0x0000006c863fe230:   0000000000000010 0000000000000000
0x0000006c863fe240:   00000240e3ae0000 0000000000000000
0x0000006c863fe250:   00000240e069b090 00007ffcf590c6ef
0x0000006c863fe260:   0000000000000001 0000000000000000
0x0000006c863fe270:   00000240e04945e0 0000000000000000
0x0000006c863fe280:   0000000000000000 0000000000000000
0x0000006c863fe290:   00007ffcf633bbb0 00000240e04d5f00 

Instructions: (pc=0x00007ffcf5a17c50)
0x00007ffcf5a17b50:   0f be c0 66 0f 6e c0 66 0f 60 c0 66 0f 61 c0 66
0x00007ffcf5a17b60:   0f 70 c0 00 66 0f 64 c8 66 0f f7 d1 49 03 f9 41
0x00007ffcf5a17b70:   8b c1 44 8b d1 4c 2b c0 0f 29 74 24 10 4d 8b c8
0x00007ffcf5a17b80:   0f 29 3c 24 49 c1 e9 07 f6 c2 0f 0f 84 af 00 00
0x00007ffcf5a17b90:   00 4d 85 c9 74 6b 66 66 0f 1f 84 00 00 00 00 00
0x00007ffcf5a17ba0:   f3 0f 6f 3a 41 ff c2 f3 0f 6f 72 10 41 8b c2 f3
0x00007ffcf5a17bb0:   0f 6f 6a 20 f3 0f 6f 62 30 f3 0f 6f 5a 40 f3 0f
0x00007ffcf5a17bc0:   6f 52 50 f3 0f 6f 4a 60 f3 0f 6f 42 70 66 0f e7
0x00007ffcf5a17bd0:   3f 66 0f e7 77 10 66 0f e7 6f 20 66 0f e7 67 30
0x00007ffcf5a17be0:   66 0f e7 5f 40 66 0f e7 57 50 66 0f e7 4f 60 66
0x00007ffcf5a17bf0:   0f e7 47 70 48 83 ef 80 48 83 ea 80 49 3b c1 72
0x00007ffcf5a17c00:   9f 41 83 e0 7f 0f 84 e0 00 00 00 45 8b d0 44 8b
0x00007ffcf5a17c10:   c9 49 c1 ea 04 4d 85 d2 0f 84 cd 00 00 00 66 90
0x00007ffcf5a17c20:   f3 0f 6f 02 41 ff c1 48 83 c2 10 41 8b c1 66 0f
0x00007ffcf5a17c30:   e7 07 48 83 c7 10 49 3b c2 72 e5 e9 ab 00 00 00
0x00007ffcf5a17c40:   4d 85 c9 74 6c 66 66 66 0f 1f 84 00 00 00 00 00
0x00007ffcf5a17c50:   f3 0f 6f 3a 41 ff c2 f3 0f 6f 72 10 f3 0f 6f 6a
0x00007ffcf5a17c60:   20 f3 0f 6f 62 30 f3 0f 6f 5a 40 f3 0f 6f 52 50
0x00007ffcf5a17c70:   f3 0f 6f 4a 60 f3 0f 6f 42 70 48 83 ea 80 66 0f
0x00007ffcf5a17c80:   e7 3f 66 0f e7 77 10 66 0f e7 6f 20 66 0f e7 67
0x00007ffcf5a17c90:   30 66 0f e7 5f 40 66 0f e7 57 50 66 0f e7 4f 60
0x00007ffcf5a17ca0:   66 0f e7 47 70 48 83 ef 80 41 8b c2 49 3b c1 72
0x00007ffcf5a17cb0:   9f 41 83 e0 7f 74 34 45 8b d0 44 8b c9 49 c1 ea
0x00007ffcf5a17cc0:   04 4d 85 d2 74 25 66 66 0f 1f 84 00 00 00 00 00
0x00007ffcf5a17cd0:   f3 0f 6f 02 41 ff c1 66 0f e7 07 48 83 c7 10 41
0x00007ffcf5a17ce0:   8b c1 48 83 c2 10 49 3b c2 72 e5 0f 28 74 24 10
0x00007ffcf5a17cf0:   0f 28 3c 24 41 83 e0 0f 74 49 45 8b d0 44 8b c9
0x00007ffcf5a17d00:   49 c1 ea 02 4d 85 d2 74 1e 0f 1f 80 00 00 00 00
0x00007ffcf5a17d10:   8b 02 41 ff c1 89 07 48 83 c2 04 48 83 c7 04 41
0x00007ffcf5a17d20:   8b c1 49 3b c2 72 e9 41 83 e0 03 76 16 48 2b d7
0x00007ffcf5a17d30:   0f b6 04 3a ff c1 88 07 48 8d 7f 01 8b c1 49 3b
0x00007ffcf5a17d40:   c0 72 ed 48 83 c4 20 5f c3 cc cc cc cc cc cc cc 


Stack slot to memory mapping:
stack at sp + 0 slots: 0x0 is NULL
stack at sp + 1 slots: 0x0 is NULL
stack at sp + 2 slots: 0x0 is NULL
stack at sp + 3 slots: 0x0 is NULL
stack at sp + 4 slots: 0x0000000000000010 is an unknown value
stack at sp + 5 slots: 0x00007ffcf5d7cdcc ig9icd64.dll
stack at sp + 6 slots: 0x000001e000000280 is an unknown value
stack at sp + 7 slots: 0x0000000000000010 is an unknown value


---------------  P R O C E S S  ---------------

Threads class SMR info:
_java_thread_list=0x00000240e65f0cf0, length=12, elements={
0x00000240c0745800, 0x00000240df33c800, 0x00000240df33e800, 0x00000240df35a000,
0x00000240df35d000, 0x00000240df35e800, 0x00000240df36b000, 0x00000240df36c800,
0x00000240dfdd5800, 0x00000240dfde0000, 0x00000240dfe61000, 0x00000240e0899000
}

Java Threads: ( => current thread )
=>0x00000240c0745800 JavaThread "main" [_thread_in_native, id=8232, stack(0x0000006c86300000,0x0000006c86400000)]
  0x00000240df33c800 JavaThread "Reference Handler" daemon [_thread_blocked, id=4864, stack(0x0000006c86a00000,0x0000006c86b00000)]
  0x00000240df33e800 JavaThread "Finalizer" daemon [_thread_blocked, id=12052, stack(0x0000006c86b00000,0x0000006c86c00000)]
  0x00000240df35a000 JavaThread "Signal Dispatcher" daemon [_thread_blocked, id=8988, stack(0x0000006c86c00000,0x0000006c86d00000)]
  0x00000240df35d000 JavaThread "Attach Listener" daemon [_thread_blocked, id=2220, stack(0x0000006c86d00000,0x0000006c86e00000)]
  0x00000240df35e800 JavaThread "C2 CompilerThread0" daemon [_thread_blocked, id=17596, stack(0x0000006c86e00000,0x0000006c86f00000)]
  0x00000240df36b000 JavaThread "C1 CompilerThread0" daemon [_thread_blocked, id=14132, stack(0x0000006c86f00000,0x0000006c87000000)]
  0x00000240df36c800 JavaThread "Sweeper thread" daemon [_thread_blocked, id=15996, stack(0x0000006c87000000,0x0000006c87100000)]
  0x00000240dfdd5800 JavaThread "Service Thread" daemon [_thread_blocked, id=9232, stack(0x0000006c87100000,0x0000006c87200000)]
  0x00000240dfde0000 JavaThread "Common-Cleaner" daemon [_thread_blocked, id=16136, stack(0x0000006c87300000,0x0000006c87400000)]
  0x00000240dfe61000 JavaThread "Java2D Disposer" daemon [_thread_blocked, id=7084, stack(0x0000006c87c00000,0x0000006c87d00000)]
  0x00000240e0899000 JavaThread "C2 CompilerThread1" daemon [_thread_blocked, id=11004, stack(0x0000006c87d00000,0x0000006c87e00000)]

Other Threads:
  0x00000240df339000 VMThread "VM Thread" [stack: 0x0000006c86900000,0x0000006c86a00000] [id=18180]
  0x00000240dfdda800 WatcherThread [stack: 0x0000006c87200000,0x0000006c87300000] [id=9696]
  0x00000240c0785800 GCTaskThread "GC Thread#0" [stack: 0x0000006c86400000,0x0000006c86500000] [id=528]
  0x00000240e66c6800 GCTaskThread "GC Thread#1" [stack: 0x0000006c87a00000,0x0000006c87b00000] [id=17508]
  0x00000240e082e800 GCTaskThread "GC Thread#2" [stack: 0x0000006c87b00000,0x0000006c87c00000] [id=2300]
  0x00000240c0793000 ConcurrentGCThread "G1 Main Marker" [stack: 0x0000006c86500000,0x0000006c86600000] [id=1364]
  0x00000240c0797000 ConcurrentGCThread "G1 Conc#0" [stack: 0x0000006c86600000,0x0000006c86700000] [id=7448]
  0x00000240c0827800 ConcurrentGCThread "G1 Refine#0" [stack: 0x0000006c86700000,0x0000006c86800000] [id=13152]
  0x00000240c0829000 ConcurrentGCThread "G1 Young RemSet Sampling" [stack: 0x0000006c86800000,0x0000006c86900000] [id=14224]

Threads with active compile tasks:

VM state:not at safepoint (normal execution)

VM Mutex/Monitor currently owned by a thread: None

Heap address: 0x0000000081200000, size: 2030 MB, Compressed Oops mode: 32-bit
Narrow klass base: 0x0000000800000000, Narrow klass shift: 3
Compressed class space size: 1073741824 Address: 0x0000000801190000

Heap:
 garbage-first heap   total 131072K, used 14112K [0x0000000081200000, 0x0000000100000000)
  region size 1024K, 12 young (12288K), 2 survivors (2048K)
 Metaspace       used 6642K, capacity 8476K, committed 8576K, reserved 1056768K
  class space    used 407K, capacity 598K, committed 640K, reserved 1048576K
Heap Regions: E=young(eden), S=young(survivor), O=old, HS=humongous(starts), HC=humongous(continues), CS=collection set, F=free, A=archive, TAMS=top-at-mark-start (previous, next)
|   0|0x0000000081200000, 0x0000000081300000, 0x0000000081300000|100%|HS|  |TAMS 0x0000000081200000, 0x0000000081200000| Complete 
|   1|0x0000000081300000, 0x0000000081400000, 0x0000000081400000|100%|HS|  |TAMS 0x0000000081300000, 0x0000000081300000| Complete 
|   2|0x0000000081400000, 0x0000000081500000, 0x0000000081500000|100%|HC|  |TAMS 0x0000000081400000, 0x0000000081400000| Complete 
|   3|0x0000000081500000, 0x0000000081500000, 0x0000000081600000|  0%| F|  |TAMS 0x0000000081500000, 0x0000000081500000| Untracked 
|   4|0x0000000081600000, 0x0000000081600000, 0x0000000081700000|  0%| F|  |TAMS 0x0000000081600000, 0x0000000081600000| Untracked 
|   5|0x0000000081700000, 0x0000000081700000, 0x0000000081800000|  0%| F|  |TAMS 0x0000000081700000, 0x0000000081700000| Untracked 
|   6|0x0000000081800000, 0x0000000081800000, 0x0000000081900000|  0%| F|  |TAMS 0x0000000081800000, 0x0000000081800000| Untracked 
|   7|0x0000000081900000, 0x0000000081900000, 0x0000000081a00000|  0%| F|  |TAMS 0x0000000081900000, 0x0000000081900000| Untracked 
|   8|0x0000000081a00000, 0x0000000081a00000, 0x0000000081b00000|  0%| F|  |TAMS 0x0000000081a00000, 0x0000000081a00000| Untracked 
|   9|0x0000000081b00000, 0x0000000081b00000, 0x0000000081c00000|  0%| F|  |TAMS 0x0000000081b00000, 0x0000000081b00000| Untracked 
|  10|0x0000000081c00000, 0x0000000081c00000, 0x0000000081d00000|  0%| F|  |TAMS 0x0000000081c00000, 0x0000000081c00000| Untracked 
|  11|0x0000000081d00000, 0x0000000081d00000, 0x0000000081e00000|  0%| F|  |TAMS 0x0000000081d00000, 0x0000000081d00000| Untracked 
|  12|0x0000000081e00000, 0x0000000081e00000, 0x0000000081f00000|  0%| F|  |TAMS 0x0000000081e00000, 0x0000000081e00000| Untracked 
|  13|0x0000000081f00000, 0x0000000081f00000, 0x0000000082000000|  0%| F|  |TAMS 0x0000000081f00000, 0x0000000081f00000| Untracked 
|  14|0x0000000082000000, 0x0000000082000000, 0x0000000082100000|  0%| F|  |TAMS 0x0000000082000000, 0x0000000082000000| Untracked 
|  15|0x0000000082100000, 0x0000000082100000, 0x0000000082200000|  0%| F|  |TAMS 0x0000000082100000, 0x0000000082100000| Untracked 
|  16|0x0000000082200000, 0x0000000082200000, 0x0000000082300000|  0%| F|  |TAMS 0x0000000082200000, 0x0000000082200000| Untracked 
|  17|0x0000000082300000, 0x0000000082300000, 0x0000000082400000|  0%| F|  |TAMS 0x0000000082300000, 0x0000000082300000| Untracked 
|  18|0x0000000082400000, 0x0000000082400000, 0x0000000082500000|  0%| F|  |TAMS 0x0000000082400000, 0x0000000082400000| Untracked 
|  19|0x0000000082500000, 0x0000000082500000, 0x0000000082600000|  0%| F|  |TAMS 0x0000000082500000, 0x0000000082500000| Untracked 
|  20|0x0000000082600000, 0x0000000082600000, 0x0000000082700000|  0%| F|  |TAMS 0x0000000082600000, 0x0000000082600000| Untracked 
|  21|0x0000000082700000, 0x0000000082700000, 0x0000000082800000|  0%| F|  |TAMS 0x0000000082700000, 0x0000000082700000| Untracked 
|  22|0x0000000082800000, 0x0000000082800000, 0x0000000082900000|  0%| F|  |TAMS 0x0000000082800000, 0x0000000082800000| Untracked 
|  23|0x0000000082900000, 0x0000000082900000, 0x0000000082a00000|  0%| F|  |TAMS 0x0000000082900000, 0x0000000082900000| Untracked 
|  24|0x0000000082a00000, 0x0000000082a00000, 0x0000000082b00000|  0%| F|  |TAMS 0x0000000082a00000, 0x0000000082a00000| Untracked 
|  25|0x0000000082b00000, 0x0000000082b00000, 0x0000000082c00000|  0%| F|  |TAMS 0x0000000082b00000, 0x0000000082b00000| Untracked 
|  26|0x0000000082c00000, 0x0000000082c00000, 0x0000000082d00000|  0%| F|  |TAMS 0x0000000082c00000, 0x0000000082c00000| Untracked 
|  27|0x0000000082d00000, 0x0000000082d00000, 0x0000000082e00000|  0%| F|  |TAMS 0x0000000082d00000, 0x0000000082d00000| Untracked 
|  28|0x0000000082e00000, 0x0000000082e00000, 0x0000000082f00000|  0%| F|  |TAMS 0x0000000082e00000, 0x0000000082e00000| Untracked 
|  29|0x0000000082f00000, 0x0000000082f00000, 0x0000000083000000|  0%| F|  |TAMS 0x0000000082f00000, 0x0000000082f00000| Untracked 
|  30|0x0000000083000000, 0x0000000083000000, 0x0000000083100000|  0%| F|  |TAMS 0x0000000083000000, 0x0000000083000000| Untracked 
|  31|0x0000000083100000, 0x0000000083100000, 0x0000000083200000|  0%| F|  |TAMS 0x0000000083100000, 0x0000000083100000| Untracked 
|  32|0x0000000083200000, 0x0000000083200000, 0x0000000083300000|  0%| F|  |TAMS 0x0000000083200000, 0x0000000083200000| Untracked 
|  33|0x0000000083300000, 0x0000000083300000, 0x0000000083400000|  0%| F|  |TAMS 0x0000000083300000, 0x0000000083300000| Untracked 
|  34|0x0000000083400000, 0x0000000083400000, 0x0000000083500000|  0%| F|  |TAMS 0x0000000083400000, 0x0000000083400000| Untracked 
|  35|0x0000000083500000, 0x0000000083500000, 0x0000000083600000|  0%| F|  |TAMS 0x0000000083500000, 0x0000000083500000| Untracked 
|  36|0x0000000083600000, 0x0000000083600000, 0x0000000083700000|  0%| F|  |TAMS 0x0000000083600000, 0x0000000083600000| Untracked 
|  37|0x0000000083700000, 0x0000000083700000, 0x0000000083800000|  0%| F|  |TAMS 0x0000000083700000, 0x0000000083700000| Untracked 
|  38|0x0000000083800000, 0x0000000083800000, 0x0000000083900000|  0%| F|  |TAMS 0x0000000083800000, 0x0000000083800000| Untracked 
|  39|0x0000000083900000, 0x0000000083900000, 0x0000000083a00000|  0%| F|  |TAMS 0x0000000083900000, 0x0000000083900000| Untracked 
|  40|0x0000000083a00000, 0x0000000083a00000, 0x0000000083b00000|  0%| F|  |TAMS 0x0000000083a00000, 0x0000000083a00000| Untracked 
|  41|0x0000000083b00000, 0x0000000083b00000, 0x0000000083c00000|  0%| F|  |TAMS 0x0000000083b00000, 0x0000000083b00000| Untracked 
|  42|0x0000000083c00000, 0x0000000083c00000, 0x0000000083d00000|  0%| F|  |TAMS 0x0000000083c00000, 0x0000000083c00000| Untracked 
|  43|0x0000000083d00000, 0x0000000083d00000, 0x0000000083e00000|  0%| F|  |TAMS 0x0000000083d00000, 0x0000000083d00000| Untracked 
|  44|0x0000000083e00000, 0x0000000083e00000, 0x0000000083f00000|  0%| F|  |TAMS 0x0000000083e00000, 0x0000000083e00000| Untracked 
|  45|0x0000000083f00000, 0x0000000083f00000, 0x0000000084000000|  0%| F|  |TAMS 0x0000000083f00000, 0x0000000083f00000| Untracked 
|  46|0x0000000084000000, 0x0000000084000000, 0x0000000084100000|  0%| F|  |TAMS 0x0000000084000000, 0x0000000084000000| Untracked 
|  47|0x0000000084100000, 0x0000000084100000, 0x0000000084200000|  0%| F|  |TAMS 0x0000000084100000, 0x0000000084100000| Untracked 
|  48|0x0000000084200000, 0x0000000084200000, 0x0000000084300000|  0%| F|  |TAMS 0x0000000084200000, 0x0000000084200000| Untracked 
|  49|0x0000000084300000, 0x0000000084300000, 0x0000000084400000|  0%| F|  |TAMS 0x0000000084300000, 0x0000000084300000| Untracked 
|  50|0x0000000084400000, 0x0000000084400000, 0x0000000084500000|  0%| F|  |TAMS 0x0000000084400000, 0x0000000084400000| Untracked 
|  51|0x0000000084500000, 0x0000000084500000, 0x0000000084600000|  0%| F|  |TAMS 0x0000000084500000, 0x0000000084500000| Untracked 
|  52|0x0000000084600000, 0x0000000084600000, 0x0000000084700000|  0%| F|  |TAMS 0x0000000084600000, 0x0000000084600000| Untracked 
|  53|0x0000000084700000, 0x0000000084700000, 0x0000000084800000|  0%| F|  |TAMS 0x0000000084700000, 0x0000000084700000| Untracked 
|  54|0x0000000084800000, 0x0000000084800000, 0x0000000084900000|  0%| F|  |TAMS 0x0000000084800000, 0x0000000084800000| Untracked 
|  55|0x0000000084900000, 0x0000000084900000, 0x0000000084a00000|  0%| F|  |TAMS 0x0000000084900000, 0x0000000084900000| Untracked 
|  56|0x0000000084a00000, 0x0000000084a00000, 0x0000000084b00000|  0%| F|  |TAMS 0x0000000084a00000, 0x0000000084a00000| Untracked 
|  57|0x0000000084b00000, 0x0000000084b00000, 0x0000000084c00000|  0%| F|  |TAMS 0x0000000084b00000, 0x0000000084b00000| Untracked 
|  58|0x0000000084c00000, 0x0000000084c00000, 0x0000000084d00000|  0%| F|  |TAMS 0x0000000084c00000, 0x0000000084c00000| Untracked 
|  59|0x0000000084d00000, 0x0000000084d00000, 0x0000000084e00000|  0%| F|  |TAMS 0x0000000084d00000, 0x0000000084d00000| Untracked 
|  60|0x0000000084e00000, 0x0000000084e00000, 0x0000000084f00000|  0%| F|  |TAMS 0x0000000084e00000, 0x0000000084e00000| Untracked 
|  61|0x0000000084f00000, 0x0000000084f00000, 0x0000000085000000|  0%| F|  |TAMS 0x0000000084f00000, 0x0000000084f00000| Untracked 
|  62|0x0000000085000000, 0x0000000085000000, 0x0000000085100000|  0%| F|  |TAMS 0x0000000085000000, 0x0000000085000000| Untracked 
|  63|0x0000000085100000, 0x0000000085100000, 0x0000000085200000|  0%| F|  |TAMS 0x0000000085100000, 0x0000000085100000| Untracked 
|  64|0x0000000085200000, 0x0000000085200000, 0x0000000085300000|  0%| F|  |TAMS 0x0000000085200000, 0x0000000085200000| Untracked 
|  65|0x0000000085300000, 0x0000000085300000, 0x0000000085400000|  0%| F|  |TAMS 0x0000000085300000, 0x0000000085300000| Untracked 
|  66|0x0000000085400000, 0x0000000085400000, 0x0000000085500000|  0%| F|  |TAMS 0x0000000085400000, 0x0000000085400000| Untracked 
|  67|0x0000000085500000, 0x0000000085500000, 0x0000000085600000|  0%| F|  |TAMS 0x0000000085500000, 0x0000000085500000| Untracked 
|  68|0x0000000085600000, 0x0000000085600000, 0x0000000085700000|  0%| F|  |TAMS 0x0000000085600000, 0x0000000085600000| Untracked 
|  69|0x0000000085700000, 0x0000000085700000, 0x0000000085800000|  0%| F|  |TAMS 0x0000000085700000, 0x0000000085700000| Untracked 
|  70|0x0000000085800000, 0x0000000085800000, 0x0000000085900000|  0%| F|  |TAMS 0x0000000085800000, 0x0000000085800000| Untracked 
|  71|0x0000000085900000, 0x0000000085900000, 0x0000000085a00000|  0%| F|  |TAMS 0x0000000085900000, 0x0000000085900000| Untracked 
|  72|0x0000000085a00000, 0x0000000085a00000, 0x0000000085b00000|  0%| F|  |TAMS 0x0000000085a00000, 0x0000000085a00000| Untracked 
|  73|0x0000000085b00000, 0x0000000085b00000, 0x0000000085c00000|  0%| F|  |TAMS 0x0000000085b00000, 0x0000000085b00000| Untracked 
|  74|0x0000000085c00000, 0x0000000085c00000, 0x0000000085d00000|  0%| F|  |TAMS 0x0000000085c00000, 0x0000000085c00000| Untracked 
|  75|0x0000000085d00000, 0x0000000085d00000, 0x0000000085e00000|  0%| F|  |TAMS 0x0000000085d00000, 0x0000000085d00000| Untracked 
|  76|0x0000000085e00000, 0x0000000085e00000, 0x0000000085f00000|  0%| F|  |TAMS 0x0000000085e00000, 0x0000000085e00000| Untracked 
|  77|0x0000000085f00000, 0x0000000085f00000, 0x0000000086000000|  0%| F|  |TAMS 0x0000000085f00000, 0x0000000085f00000| Untracked 
|  78|0x0000000086000000, 0x0000000086000000, 0x0000000086100000|  0%| F|  |TAMS 0x0000000086000000, 0x0000000086000000| Untracked 
|  79|0x0000000086100000, 0x0000000086100000, 0x0000000086200000|  0%| F|  |TAMS 0x0000000086100000, 0x0000000086100000| Untracked 
|  80|0x0000000086200000, 0x0000000086200000, 0x0000000086300000|  0%| F|  |TAMS 0x0000000086200000, 0x0000000086200000| Untracked 
|  81|0x0000000086300000, 0x0000000086300000, 0x0000000086400000|  0%| F|  |TAMS 0x0000000086300000, 0x0000000086300000| Untracked 
|  82|0x0000000086400000, 0x0000000086400000, 0x0000000086500000|  0%| F|  |TAMS 0x0000000086400000, 0x0000000086400000| Untracked 
|  83|0x0000000086500000, 0x0000000086500000, 0x0000000086600000|  0%| F|  |TAMS 0x0000000086500000, 0x0000000086500000| Untracked 
|  84|0x0000000086600000, 0x0000000086600000, 0x0000000086700000|  0%| F|  |TAMS 0x0000000086600000, 0x0000000086600000| Untracked 
|  85|0x0000000086700000, 0x0000000086700000, 0x0000000086800000|  0%| F|  |TAMS 0x0000000086700000, 0x0000000086700000| Untracked 
|  86|0x0000000086800000, 0x0000000086800000, 0x0000000086900000|  0%| F|  |TAMS 0x0000000086800000, 0x0000000086800000| Untracked 
|  87|0x0000000086900000, 0x0000000086900000, 0x0000000086a00000|  0%| F|  |TAMS 0x0000000086900000, 0x0000000086900000| Untracked 
|  88|0x0000000086a00000, 0x0000000086a00000, 0x0000000086b00000|  0%| F|  |TAMS 0x0000000086a00000, 0x0000000086a00000| Untracked 
|  89|0x0000000086b00000, 0x0000000086b00000, 0x0000000086c00000|  0%| F|  |TAMS 0x0000000086b00000, 0x0000000086b00000| Untracked 
|  90|0x0000000086c00000, 0x0000000086c00000, 0x0000000086d00000|  0%| F|  |TAMS 0x0000000086c00000, 0x0000000086c00000| Untracked 
|  91|0x0000000086d00000, 0x0000000086d00000, 0x0000000086e00000|  0%| F|  |TAMS 0x0000000086d00000, 0x0000000086d00000| Untracked 
|  92|0x0000000086e00000, 0x0000000086e00000, 0x0000000086f00000|  0%| F|  |TAMS 0x0000000086e00000, 0x0000000086e00000| Untracked 
|  93|0x0000000086f00000, 0x0000000086f00000, 0x0000000087000000|  0%| F|  |TAMS 0x0000000086f00000, 0x0000000086f00000| Untracked 
|  94|0x0000000087000000, 0x0000000087000000, 0x0000000087100000|  0%| F|  |TAMS 0x0000000087000000, 0x0000000087000000| Untracked 
|  95|0x0000000087100000, 0x0000000087100000, 0x0000000087200000|  0%| F|  |TAMS 0x0000000087100000, 0x0000000087100000| Untracked 
|  96|0x0000000087200000, 0x0000000087200000, 0x0000000087300000|  0%| F|  |TAMS 0x0000000087200000, 0x0000000087200000| Untracked 
|  97|0x0000000087300000, 0x0000000087300000, 0x0000000087400000|  0%| F|  |TAMS 0x0000000087300000, 0x0000000087300000| Untracked 
|  98|0x0000000087400000, 0x0000000087400000, 0x0000000087500000|  0%| F|  |TAMS 0x0000000087400000, 0x0000000087400000| Untracked 
|  99|0x0000000087500000, 0x0000000087500000, 0x0000000087600000|  0%| F|  |TAMS 0x0000000087500000, 0x0000000087500000| Untracked 
| 100|0x0000000087600000, 0x0000000087600000, 0x0000000087700000|  0%| F|  |TAMS 0x0000000087600000, 0x0000000087600000| Untracked 
| 101|0x0000000087700000, 0x0000000087700000, 0x0000000087800000|  0%| F|  |TAMS 0x0000000087700000, 0x0000000087700000| Untracked 
| 102|0x0000000087800000, 0x0000000087800000, 0x0000000087900000|  0%| F|  |TAMS 0x0000000087800000, 0x0000000087800000| Untracked 
| 103|0x0000000087900000, 0x0000000087900000, 0x0000000087a00000|  0%| F|  |TAMS 0x0000000087900000, 0x0000000087900000| Untracked 
| 104|0x0000000087a00000, 0x0000000087a00000, 0x0000000087b00000|  0%| F|  |TAMS 0x0000000087a00000, 0x0000000087a00000| Untracked 
| 105|0x0000000087b00000, 0x0000000087b00000, 0x0000000087c00000|  0%| F|  |TAMS 0x0000000087b00000, 0x0000000087b00000| Untracked 
| 106|0x0000000087c00000, 0x0000000087c00000, 0x0000000087d00000|  0%| F|  |TAMS 0x0000000087c00000, 0x0000000087c00000| Untracked 
| 107|0x0000000087d00000, 0x0000000087d00000, 0x0000000087e00000|  0%| F|  |TAMS 0x0000000087d00000, 0x0000000087d00000| Untracked 
| 108|0x0000000087e00000, 0x0000000087e00000, 0x0000000087f00000|  0%| F|  |TAMS 0x0000000087e00000, 0x0000000087e00000| Untracked 
| 109|0x0000000087f00000, 0x0000000087f00000, 0x0000000088000000|  0%| F|  |TAMS 0x0000000087f00000, 0x0000000087f00000| Untracked 
| 110|0x0000000088000000, 0x0000000088000000, 0x0000000088100000|  0%| F|  |TAMS 0x0000000088000000, 0x0000000088000000| Untracked 
| 111|0x0000000088100000, 0x0000000088100000, 0x0000000088200000|  0%| F|  |TAMS 0x0000000088100000, 0x0000000088100000| Untracked 
| 112|0x0000000088200000, 0x00000000882c81c0, 0x0000000088300000| 78%| S|CS|TAMS 0x0000000088200000, 0x0000000088200000| Complete 
| 113|0x0000000088300000, 0x0000000088400000, 0x0000000088400000|100%| S|CS|TAMS 0x0000000088300000, 0x0000000088300000| Complete 
| 114|0x0000000088400000, 0x0000000088400000, 0x0000000088500000|  0%| F|  |TAMS 0x0000000088400000, 0x0000000088400000| Untracked 
| 115|0x0000000088500000, 0x0000000088500000, 0x0000000088600000|  0%| F|  |TAMS 0x0000000088500000, 0x0000000088500000| Untracked 
| 116|0x0000000088600000, 0x0000000088600000, 0x0000000088700000|  0%| F|  |TAMS 0x0000000088600000, 0x0000000088600000| Untracked 
| 117|0x0000000088700000, 0x0000000088700000, 0x0000000088800000|  0%| F|  |TAMS 0x0000000088700000, 0x0000000088700000| Untracked 
| 118|0x0000000088800000, 0x0000000088880800, 0x0000000088900000| 50%| E|  |TAMS 0x0000000088800000, 0x0000000088800000| Complete 
| 119|0x0000000088900000, 0x0000000088a00000, 0x0000000088a00000|100%| E|CS|TAMS 0x0000000088900000, 0x0000000088900000| Complete 
| 120|0x0000000088a00000, 0x0000000088b00000, 0x0000000088b00000|100%| E|CS|TAMS 0x0000000088a00000, 0x0000000088a00000| Complete 
| 121|0x0000000088b00000, 0x0000000088c00000, 0x0000000088c00000|100%| E|CS|TAMS 0x0000000088b00000, 0x0000000088b00000| Complete 
| 122|0x0000000088c00000, 0x0000000088d00000, 0x0000000088d00000|100%| E|CS|TAMS 0x0000000088c00000, 0x0000000088c00000| Complete 
| 123|0x0000000088d00000, 0x0000000088e00000, 0x0000000088e00000|100%| E|CS|TAMS 0x0000000088d00000, 0x0000000088d00000| Complete 
| 124|0x0000000088e00000, 0x0000000088f00000, 0x0000000088f00000|100%| E|CS|TAMS 0x0000000088e00000, 0x0000000088e00000| Complete 
| 125|0x0000000088f00000, 0x0000000089000000, 0x0000000089000000|100%| E|CS|TAMS 0x0000000088f00000, 0x0000000088f00000| Complete 
| 126|0x0000000089000000, 0x0000000089100000, 0x0000000089100000|100%| E|CS|TAMS 0x0000000089000000, 0x0000000089000000| Complete 
| 127|0x0000000089100000, 0x0000000089200000, 0x0000000089200000|100%| E|CS|TAMS 0x0000000089100000, 0x0000000089100000| Complete 

Card table byte_map: [0x00000240d85b0000,0x00000240d89b0000] _byte_map_base: 0x00000240d81a7000

Marking Bits (Prev, Next): (CMBitMap*) 0x00000240c07862c8, (CMBitMap*) 0x00000240c0786308
 Prev Bits: [0x00000240d8db0000, 0x00000240dad68000)
 Next Bits: [0x00000240dad70000, 0x00000240dcd28000)

Polling page: 0x00000240c0830000

Metaspace:

Usage:
  Non-class:      7.69 MB capacity,     6.09 MB ( 79%) used,     1.59 MB ( 21%) free+waste,    12.00 KB ( <1%) overhead. 
      Class:    598.00 KB capacity,   407.95 KB ( 68%) used,   184.62 KB ( 31%) free+waste,     5.44 KB ( <1%) overhead. 
       Both:      8.28 MB capacity,     6.49 MB ( 78%) used,     1.77 MB ( 21%) free+waste,    17.44 KB ( <1%) overhead. 

Virtual space:
  Non-class space:        8.00 MB reserved,       7.75 MB ( 97%) committed 
      Class space:        1.00 GB reserved,     640.00 KB ( <1%) committed 
             Both:        1.01 GB reserved,       8.38 MB ( <1%) committed 

Chunk freelists:
   Non-Class:  7.25 KB
       Class:  0 bytes
        Both:  7.25 KB

CodeHeap 'non-profiled nmethods': size=120064Kb used=267Kb max_used=267Kb free=119796Kb
 bounds [0x00000240d0640000, 0x00000240d08b0000, 0x00000240d7b80000]
CodeHeap 'profiled nmethods': size=120000Kb used=1577Kb max_used=1577Kb free=118422Kb
 bounds [0x00000240c9110000, 0x00000240c9380000, 0x00000240d0640000]
CodeHeap 'non-nmethods': size=5696Kb used=1475Kb max_used=1489Kb free=4220Kb
 bounds [0x00000240c8b80000, 0x00000240c8df0000, 0x00000240c9110000]
 total_blobs=2030 nmethods=876 adapters=885
 compilation: enabled
              stopped_count=0, restarted_count=0
 full_count=0

Compilation events (10 events):
Event: 1.767 Thread 0x00000240df35e800 nmethod 868 0x00000240d067fc10 code [0x00000240d067fdc0, 0x00000240d06801b8]
Event: 1.767 Thread 0x00000240df35e800  872       4       java.awt.image.ComponentColorModel::getRGB (161 bytes)
Event: 1.770 Thread 0x00000240df35e800 nmethod 872 0x00000240d0680410 code [0x00000240d06805e0, 0x00000240d0680808]
Event: 1.775 Thread 0x00000240e0899000 nmethod 871 0x00000240d0680b10 code [0x00000240d0680d00, 0x00000240d06812c8]
Event: 1.778 Thread 0x00000240df36b000  874 %     3       jrtr.glrenderer.GLTexture::getData @ 24 (107 bytes)
Event: 1.779 Thread 0x00000240df36b000 nmethod 874% 0x00000240c9297990 code [0x00000240c9297c40, 0x00000240c9298a90]
Event: 1.780 Thread 0x00000240df36b000  875       3       jrtr.glrenderer.GLTexture::getData (107 bytes)
Event: 1.781 Thread 0x00000240df36b000 nmethod 875 0x00000240c9299090 code [0x00000240c9299340, 0x00000240c929a100]
Event: 1.784 Thread 0x00000240df35e800  876 %     4       jrtr.glrenderer.GLTexture::getData @ 24 (107 bytes)
Event: 1.808 Thread 0x00000240df35e800 nmethod 876% 0x00000240d0681910 code [0x00000240d0681b20, 0x00000240d06825a8]

GC Heap History (2 events):
Event: 1.632 GC heap before
{Heap before GC invocations=0 (full 0):
 garbage-first heap   total 131072K, used 14336K [0x0000000081200000, 0x0000000100000000)
  region size 1024K, 14 young (14336K), 0 survivors (0K)
 Metaspace       used 5552K, capacity 8404K, committed 8576K, reserved 1056768K
  class space    used 291K, capacity 572K, committed 640K, reserved 1048576K
}
Event: 1.639 GC heap after
{Heap after GC invocations=1 (full 0):
 garbage-first heap   total 131072K, used 1824K [0x0000000081200000, 0x0000000100000000)
  region size 1024K, 2 young (2048K), 2 survivors (2048K)
 Metaspace       used 5552K, capacity 8404K, committed 8576K, reserved 1056768K
  class space    used 291K, capacity 572K, committed 640K, reserved 1048576K
}

Deoptimization events (2 events):
Event: 0.154 Thread 0x00000240c0745800 Uncommon trap: reason=unstable_if action=reinterpret pc=0x00000240d0644c3c method=java.lang.String.hashCode()I @ 14 c2
Event: 1.813 Thread 0x00000240c0745800 Uncommon trap: reason=unstable_if action=reinterpret pc=0x00000240d06820e4 method=jrtr.glrenderer.GLTexture.getData(Ljava/awt/image/BufferedImage;)Ljava/nio/IntBuffer; @ 102 c2

Classes redefined (0 events):
No events

Internal exceptions (10 events):
Event: 0.388 Thread 0x00000240c0745800 Exception <a 'sun/nio/fs/WindowsException'{0x0000000088d1e3b8}> (0x0000000088d1e3b8) thrown at [t:/workspace/open/src/hotspot/share/prims/jni.cpp, line 615]
Event: 0.388 Thread 0x00000240c0745800 Exception <a 'sun/nio/fs/WindowsException'{0x0000000088d1e778}> (0x0000000088d1e778) thrown at [t:/workspace/open/src/hotspot/share/prims/jni.cpp, line 615]
Event: 0.846 Thread 0x00000240c0745800 Exception <a 'java/lang/NoSuchMethodError'{0x0000000088d8c420}: java.lang.invoke.DirectMethodHandle$Holder.invokeStatic(Ljava/lang/Object;JII)V> (0x0000000088d8c420) thrown at [t:/workspace/open/src/hotspot/share/interpreter/linkResolver.cpp, line 777]
Event: 0.923 Thread 0x00000240c0745800 Exception <a 'sun/nio/fs/WindowsException'{0x0000000088ddc548}> (0x0000000088ddc548) thrown at [t:/workspace/open/src/hotspot/share/prims/jni.cpp, line 615]
Event: 0.924 Thread 0x00000240c0745800 Exception <a 'sun/nio/fs/WindowsException'{0x0000000088ddc948}> (0x0000000088ddc948) thrown at [t:/workspace/open/src/hotspot/share/prims/jni.cpp, line 615]
Event: 0.967 Thread 0x00000240c0745800 Exception <a 'sun/nio/fs/WindowsException'{0x0000000088df4350}> (0x0000000088df4350) thrown at [t:/workspace/open/src/hotspot/share/prims/jni.cpp, line 615]
Event: 0.967 Thread 0x00000240c0745800 Exception <a 'sun/nio/fs/WindowsException'{0x0000000088df4680}> (0x0000000088df4680) thrown at [t:/workspace/open/src/hotspot/share/prims/jni.cpp, line 615]
Event: 1.582 Thread 0x00000240c0745800 Exception <a 'java/lang/ClassNotFoundException'{0x00000000884ce0e0}: sun/awt/resources/spi/awtProvider> (0x00000000884ce0e0) thrown at [t:/workspace/open/src/hotspot/share/classfile/systemDictionary.cpp, line 235]
Event: 1.651 Thread 0x00000240c0745800 Exception <a 'java/io/FileNotFoundException'{0x000000008911a7e8}> (0x000000008911a7e8) thrown at [t:/workspace/open/src/hotspot/share/prims/jni.cpp, line 615]
Event: 1.672 Thread 0x00000240c0745800 Exception <a 'java/io/FileNotFoundException'{0x00000000890071a8}> (0x00000000890071a8) thrown at [t:/workspace/open/src/hotspot/share/prims/jni.cpp, line 615]

Events (10 events):
Event: 1.746 Thread 0x00000240c0745800 DEOPT PACKING pc=0x00000240c9285630 sp=0x0000006c863fdf50
Event: 1.746 Thread 0x00000240c0745800 DEOPT UNPACKING pc=0x00000240c8ba99ce sp=0x0000006c863fd428 mode 0
Event: 1.746 loading class java/io/RandomAccessFile$1
Event: 1.746 loading class java/io/RandomAccessFile$1 done
Event: 1.759 Thread 0x00000240e0899000 Thread added: 0x00000240e0899000
Event: 1.811 Thread 0x00000240c0745800 DEOPT PACKING pc=0x00000240c9298954 sp=0x0000006c863fedb0
Event: 1.811 Thread 0x00000240c0745800 DEOPT UNPACKING pc=0x00000240c8ba99ce sp=0x0000006c863fe300 mode 0
Event: 1.813 Thread 0x00000240c0745800 Uncommon trap: trap_request=0xffffff4d fr.pc=0x00000240d06820e4 relative=0x00000000000005c4
Event: 1.813 Thread 0x00000240c0745800 DEOPT PACKING pc=0x00000240d06820e4 sp=0x0000006c863fee50
Event: 1.813 Thread 0x00000240c0745800 DEOPT UNPACKING pc=0x00000240c8ba9baf sp=0x0000006c863fee10 mode 2


Dynamic libraries:
0x00007ff72fc70000 - 0x00007ff72fc7f000 	C:\Program Files\Java\jdk-12.0.2\bin\javaw.exe
0x00007ffd707d0000 - 0x00007ffd709c5000 	C:\WINDOWS\SYSTEM32\ntdll.dll
0x00007ffd6eba0000 - 0x00007ffd6ec5d000 	C:\WINDOWS\System32\KERNEL32.DLL
0x00007ffd6e560000 - 0x00007ffd6e829000 	C:\WINDOWS\System32\KERNELBASE.dll
0x00007ffd6e020000 - 0x00007ffd6e120000 	C:\WINDOWS\System32\ucrtbase.dll
0x00007ffd4e7a0000 - 0x00007ffd4e7b8000 	C:\Program Files\Java\jdk-12.0.2\bin\jli.dll
0x00007ffd6eaf0000 - 0x00007ffd6eb9c000 	C:\WINDOWS\System32\ADVAPI32.dll
0x00007ffd46500000 - 0x00007ffd46516000 	C:\Program Files\Java\jdk-12.0.2\bin\VCRUNTIME140.dll
0x00007ffd6f440000 - 0x00007ffd6f4de000 	C:\WINDOWS\System32\msvcrt.dll
0x00007ffd6f890000 - 0x00007ffd6f92b000 	C:\WINDOWS\System32\sechost.dll
0x00007ffd6e960000 - 0x00007ffd6ea8a000 	C:\WINDOWS\System32\RPCRT4.dll
0x00007ffd6f5c0000 - 0x00007ffd6f760000 	C:\WINDOWS\System32\USER32.dll
0x00007ffd6e120000 - 0x00007ffd6e142000 	C:\WINDOWS\System32\win32u.dll
0x00007ffd6f930000 - 0x00007ffd6f95a000 	C:\WINDOWS\System32\GDI32.dll
0x00007ffd6e150000 - 0x00007ffd6e25b000 	C:\WINDOWS\System32\gdi32full.dll
0x00007ffd6e4c0000 - 0x00007ffd6e55d000 	C:\WINDOWS\System32\msvcp_win.dll
0x00007ffd59fa0000 - 0x00007ffd5a23a000 	C:\WINDOWS\WinSxS\amd64_microsoft.windows.common-controls_6595b64144ccf1df_6.0.19041.1110_none_60b5254171f9507e\COMCTL32.dll
0x00007ffd5d150000 - 0x00007ffd5d15a000 	C:\WINDOWS\SYSTEM32\VERSION.dll
0x00007ffd70530000 - 0x00007ffd70560000 	C:\WINDOWS\System32\IMM32.DLL
0x00007ffd444f0000 - 0x00007ffd4459a000 	C:\Program Files\Java\jdk-12.0.2\bin\msvcp140.dll
0x00007ffcf67d0000 - 0x00007ffcf7347000 	C:\Program Files\Java\jdk-12.0.2\bin\server\jvm.dll
0x00007ffd6f880000 - 0x00007ffd6f888000 	C:\WINDOWS\System32\PSAPI.DLL
0x00007ffd5b600000 - 0x00007ffd5b609000 	C:\WINDOWS\SYSTEM32\WSOCK32.dll
0x00007ffd70720000 - 0x00007ffd7078b000 	C:\WINDOWS\System32\WS2_32.dll
0x00007ffd53c20000 - 0x00007ffd53c47000 	C:\WINDOWS\SYSTEM32\WINMM.dll
0x00007ffd6c790000 - 0x00007ffd6c7a2000 	C:\WINDOWS\SYSTEM32\kernel.appcore.dll
0x00007ffd59940000 - 0x00007ffd59951000 	C:\Program Files\Java\jdk-12.0.2\bin\verify.dll
0x00007ffd6c420000 - 0x00007ffd6c604000 	C:\WINDOWS\SYSTEM32\DBGHELP.DLL
0x00007ffd51990000 - 0x00007ffd519bc000 	C:\WINDOWS\SYSTEM32\dbgcore.DLL
0x00007ffd6df90000 - 0x00007ffd6e013000 	C:\WINDOWS\System32\bcryptPrimitives.dll
0x00007ffd52f20000 - 0x00007ffd52f46000 	C:\Program Files\Java\jdk-12.0.2\bin\java.dll
0x00007ffd59770000 - 0x00007ffd59787000 	C:\Program Files\Java\jdk-12.0.2\bin\zip.dll
0x00007ffd59920000 - 0x00007ffd5992a000 	C:\Program Files\Java\jdk-12.0.2\bin\jimage.dll
0x00007ffd6fdf0000 - 0x00007ffd7052f000 	C:\WINDOWS\System32\SHELL32.dll
0x00007ffd6bb70000 - 0x00007ffd6c300000 	C:\WINDOWS\SYSTEM32\windows.storage.dll
0x00007ffd6f0e0000 - 0x00007ffd6f435000 	C:\WINDOWS\System32\combase.dll
0x00007ffd6d960000 - 0x00007ffd6d98c000 	C:\WINDOWS\SYSTEM32\Wldp.dll
0x00007ffd6e8b0000 - 0x00007ffd6e95e000 	C:\WINDOWS\System32\SHCORE.dll
0x00007ffd706c0000 - 0x00007ffd70715000 	C:\WINDOWS\System32\shlwapi.dll
0x00007ffd6de40000 - 0x00007ffd6de5f000 	C:\WINDOWS\SYSTEM32\profapi.dll
0x00007ffd58f90000 - 0x00007ffd58fa9000 	C:\Program Files\Java\jdk-12.0.2\bin\net.dll
0x00007ffd67af0000 - 0x00007ffd67bf8000 	C:\WINDOWS\SYSTEM32\WINHTTP.dll
0x00007ffd5da10000 - 0x00007ffd5dbfc000 	C:\WINDOWS\SYSTEM32\urlmon.dll
0x00007ffd5d9e0000 - 0x00007ffd5da08000 	C:\WINDOWS\SYSTEM32\srvcli.dll
0x00007ffd5ddd0000 - 0x00007ffd5e080000 	C:\WINDOWS\SYSTEM32\iertutil.dll
0x00007ffd6d470000 - 0x00007ffd6d47c000 	C:\WINDOWS\SYSTEM32\netutils.dll
0x00007ffd6d6c0000 - 0x00007ffd6d72a000 	C:\WINDOWS\system32\mswsock.dll
0x00007ffd509a0000 - 0x00007ffd509b3000 	C:\Program Files\Java\jdk-12.0.2\bin\nio.dll
0x00007ffd427d0000 - 0x00007ffd42834000 	C:\Users\Matthias Zwicker\AppData\Local\Temp\lwjglMatthias Zwicker\3.2.3-build-13\lwjgl.dll
0x00007ffd42760000 - 0x00007ffd427c2000 	C:\Users\MATTHI~1\AppData\Local\Temp\lwjglMatthias Zwicker\3.2.3-build-13\glfw.dll
0x00007ffd6b460000 - 0x00007ffd6b4fe000 	C:\WINDOWS\system32\uxtheme.dll
0x00007ffd42710000 - 0x00007ffd42755000 	C:\WINDOWS\SYSTEM32\dinput8.dll
0x00007ffd44e00000 - 0x00007ffd44e11000 	C:\WINDOWS\SYSTEM32\xinput1_4.dll
0x00007ffd6e3c0000 - 0x00007ffd6e40e000 	C:\WINDOWS\System32\cfgmgr32.dll
0x00007ffd6dca0000 - 0x00007ffd6dcd4000 	C:\WINDOWS\SYSTEM32\DEVOBJ.dll
0x00007ffd6b580000 - 0x00007ffd6b5af000 	C:\WINDOWS\SYSTEM32\dwmapi.dll
0x00007ffd5f1b0000 - 0x00007ffd5f302000 	C:\WINDOWS\SYSTEM32\inputhost.dll
0x00007ffd705f0000 - 0x00007ffd706bd000 	C:\WINDOWS\System32\OLEAUT32.dll
0x00007ffd6abc0000 - 0x00007ffd6acb2000 	C:\WINDOWS\SYSTEM32\CoreMessaging.dll
0x00007ffd6a330000 - 0x00007ffd6a484000 	C:\WINDOWS\SYSTEM32\wintypes.dll
0x00007ffd6c640000 - 0x00007ffd6c736000 	C:\WINDOWS\SYSTEM32\PROPSYS.dll
0x00007ffd6acc0000 - 0x00007ffd6b01e000 	C:\WINDOWS\SYSTEM32\CoreUIComponents.dll
0x00007ffd6cc00000 - 0x00007ffd6cc33000 	C:\WINDOWS\SYSTEM32\ntmarta.dll
0x00007ffd6f760000 - 0x00007ffd6f875000 	C:\WINDOWS\System32\MSCTF.dll
0x00007ffd6c740000 - 0x00007ffd6c74d000 	C:\WINDOWS\SYSTEM32\HID.DLL
0x00007ffd6ec60000 - 0x00007ffd6f0d2000 	C:\WINDOWS\System32\SETUPAPI.DLL
0x00007ffd6df60000 - 0x00007ffd6df87000 	C:\WINDOWS\System32\bcrypt.dll
0x00007ffd6df00000 - 0x00007ffd6df60000 	C:\WINDOWS\System32\WINTRUST.dll
0x00007ffd6e260000 - 0x00007ffd6e3bf000 	C:\WINDOWS\System32\CRYPT32.dll
0x00007ffd6dae0000 - 0x00007ffd6daf2000 	C:\WINDOWS\SYSTEM32\MSASN1.dll
0x00007ffd425e0000 - 0x00007ffd42705000 	C:\WINDOWS\SYSTEM32\opengl32.dll
0x00007ffd444c0000 - 0x00007ffd444ec000 	C:\WINDOWS\SYSTEM32\GLU32.dll
0x00007ffd6f960000 - 0x00007ffd6fa09000 	C:\WINDOWS\System32\clbcatq.dll
0x00007ffcf58e0000 - 0x00007ffcf67ce000 	C:\WINDOWS\System32\DriverStore\FileRepository\64gh6299.inf_amd64_94401bd29769cd59\ig9icd64.dll
0x00007ffd6c800000 - 0x00007ffd6c8f4000 	C:\WINDOWS\SYSTEM32\dxgi.dll
0x00007ffd67300000 - 0x00007ffd6733b000 	C:\WINDOWS\SYSTEM32\dxcore.dll
0x00007ffd60e80000 - 0x00007ffd62d81000 	C:\WINDOWS\System32\DriverStore\FileRepository\64gh6299.inf_amd64_94401bd29769cd59\igc64.dll
0x00007ffd6d4e0000 - 0x00007ffd6d52b000 	C:\WINDOWS\SYSTEM32\powrprof.dll
0x00007ffd6d340000 - 0x00007ffd6d352000 	C:\WINDOWS\SYSTEM32\UMPDC.dll
0x00007ffd5f310000 - 0x00007ffd5f409000 	C:\WINDOWS\SYSTEM32\textinputframework.dll
0x00007ffd65610000 - 0x00007ffd65676000 	C:\WINDOWS\system32\Oleacc.dll
0x00007ffd42520000 - 0x00007ffd42579000 	C:\Users\Matthias Zwicker\AppData\Local\Temp\lwjglMatthias Zwicker\3.2.3-build-13\lwjgl_opengl.dll
0x00007ffd151c0000 - 0x00007ffd1535f000 	C:\Program Files\Java\jdk-12.0.2\bin\awt.dll
0x00007ffd69d70000 - 0x00007ffd6a330000 	C:\WINDOWS\SYSTEM32\d2d1.dll
0x00007ffd6b230000 - 0x00007ffd6b2c0000 	C:\WINDOWS\SYSTEM32\apphelp.dll
0x00007ffd424f0000 - 0x00007ffd4251d000 	C:\Program Files\Java\jdk-12.0.2\bin\javajpeg.dll

dbghelp: loaded successfully - version: 4.0.5 - missing functions: none
symbol engine: initialized successfully - sym options: 0x614 - pdb path: .;C:\Program Files\Java\jdk-12.0.2\bin;C:\WINDOWS\SYSTEM32;C:\WINDOWS\WinSxS\amd64_microsoft.windows.common-controls_6595b64144ccf1df_6.0.19041.1110_none_60b5254171f9507e;C:\Program Files\Java\jdk-12.0.2\bin\server;C:\Users\Matthias Zwicker\AppData\Local\Temp\lwjglMatthias Zwicker\3.2.3-build-13;C:\Users\MATTHI~1\AppData\Local\Temp\lwjglMatthias Zwicker\3.2.3-build-13;C:\WINDOWS\System32\DriverStore\FileRepository\64gh6299.inf_amd64_94401bd29769cd59

VM Arguments:
jvm_args: -Dfile.encoding=Cp1252 
java_command: simple.simple
java_class_path (initial): C:\Users\Matthias Zwicker\git\JRTR-Base-Code-2021\simple\target\classes;C:\Users\Matthias Zwicker\git\JRTR-Base-Code-2021\jrtr\target\classes;C:\Users\Matthias Zwicker\.m2\repository\javax\vecmath\vecmath\1.5.2\vecmath-1.5.2.jar;C:\Users\Matthias Zwicker\.m2\repository\org\lwjgl\lwjgl\3.2.3\lwjgl-3.2.3.jar;C:\Users\Matthias Zwicker\.m2\repository\org\lwjgl\lwjgl-assimp\3.2.3\lwjgl-assimp-3.2.3.jar;C:\Users\Matthias Zwicker\.m2\repository\org\lwjgl\lwjgl-glfw\3.2.3\lwjgl-glfw-3.2.3.jar;C:\Users\Matthias Zwicker\.m2\repository\org\lwjgl\lwjgl-openal\3.2.3\lwjgl-openal-3.2.3.jar;C:\Users\Matthias Zwicker\.m2\repository\org\lwjgl\lwjgl-opengl\3.2.3\lwjgl-opengl-3.2.3.jar;C:\Users\Matthias Zwicker\.m2\repository\org\lwjgl\lwjgl-stb\3.2.3\lwjgl-stb-3.2.3.jar;C:\Users\Matthias Zwicker\.m2\repository\org\lwjgl\lwjgl\3.2.3\lwjgl-3.2.3-natives-windows.jar;C:\Users\Matthias Zwicker\.m2\repository\org\lwjgl\lwjgl-assimp\3.2.3\lwjgl-assimp-3.2.3-natives-windows.jar;C:\Users\Matthias Zwicker\.m2\repository\org\lwjgl\lwjgl-glfw\3.2.3\lwjgl-glfw-3.2.3-natives-windows.jar;C:\Users\Matthias Zwicker\.m2\repository\org\lwjgl\lwjgl-openal\3.2.3\lwjgl-openal-3.2.3-natives-windows.jar;C:\Users\Matthias Zwicker\.m2\repository\org\lwjgl\lwjgl-opengl\3.2.3\lwjgl-opengl-3.2.3-natives-windows.jar;C:\Users\Matthias Zwicker\.m2\repository\org\lwjgl\lwjgl-stb\3.2.3\lwjgl-stb-3.2.3-natives-windows.jar
Launcher Type: SUN_STANDARD

[Global flags]
     intx CICompilerCount                          = 3                                         {product} {ergonomic}
     uint ConcGCThreads                            = 1                                         {product} {ergonomic}
     uint G1ConcRefinementThreads                  = 4                                         {product} {ergonomic}
   size_t G1HeapRegionSize                         = 1048576                                   {product} {ergonomic}
    uintx GCDrainStackTargetSize                   = 64                                        {product} {ergonomic}
   size_t InitialHeapSize                          = 134217728                                 {product} {ergonomic}
   size_t MarkStackSize                            = 4194304                                   {product} {ergonomic}
   size_t MaxHeapSize                              = 2128609280                                {product} {ergonomic}
   size_t MaxNewSize                               = 1277165568                                {product} {ergonomic}
   size_t MinHeapDeltaBytes                        = 1048576                                   {product} {ergonomic}
    uintx NonNMethodCodeHeapSize                   = 5830732                                {pd product} {ergonomic}
    uintx NonProfiledCodeHeapSize                  = 122913754                              {pd product} {ergonomic}
    uintx ProfiledCodeHeapSize                     = 122913754                              {pd product} {ergonomic}
    uintx ReservedCodeCacheSize                    = 251658240                              {pd product} {ergonomic}
     bool SegmentedCodeCache                       = true                                      {product} {ergonomic}
     bool UseCompressedClassPointers               = true                                 {lp64_product} {ergonomic}
     bool UseCompressedOops                        = true                                 {lp64_product} {ergonomic}
     bool UseG1GC                                  = true                                      {product} {ergonomic}
     bool UseLargePagesIndividualAllocation        = false                                  {pd product} {ergonomic}

Logging:
Log output configuration:
 #0: stdout all=warning uptime,level,tags
 #1: stderr all=off uptime,level,tags

Environment Variables:
PATH=C:/Program Files/Java/jdk-12.0.2/bin/server;C:/Program Files/Java/jdk-12.0.2/bin;C:\Program Files (x86)\Common Files\Oracle\Java\javapath;C:\WINDOWS\system32;C:\WINDOWS;C:\WINDOWS\System32\Wbem;C:\WINDOWS\System32\WindowsPowerShell\v1.0\;C:\Program Files\MiKTeX 2.9\miktex\bin\x64\;C:\WINDOWS\System32\OpenSSH\;C:\Program Files\dotnet\;C:\Program Files\Git\cmd;C:\Program Files (x86)\Pulse Secure\VC142.CRT\X64\;C:\Program Files (x86)\Pulse Secure\VC142.CRT\X86\;C:\Users\Matthias Zwicker\AppData\Local\Microsoft\WindowsApps;C:\Program Files (x86)\GitHub CLI\;C:\WINDOWS\system32;
USERNAME=Matthias Zwicker
OS=Windows_NT
PROCESSOR_IDENTIFIER=Intel64 Family 6 Model 78 Stepping 3, GenuineIntel



---------------  S Y S T E M  ---------------

OS: Windows 10 , 64 bit Build 19041 (10.0.19041.1151)

CPU:total 4 (initial active 4) (2 cores per cpu, 2 threads per core) family 6 model 78 stepping 3, cmov, cx8, fxsr, mmx, sse, sse2, sse3, ssse3, sse4.1, sse4.2, popcnt, avx, avx2, aes, clmul, erms, rtm, 3dnowpref, lzcnt, ht, tsc, tscinvbit, bmi1, bmi2, adx, fma

Memory: 4k page, system-wide physical 8113M (1224M free)
TotalPageFile size 14001M (AvailPageFile size 1928M)
current process WorkingSet (physical memory assigned to process): 102M, peak: 102M
current process commit charge ("private bytes"): 224M, peak: 224M

vm_info: Java HotSpot(TM) 64-Bit Server VM (12.0.2+10) for windows-amd64 JRE (12.0.2+10), built on Jul 16 2019 01:56:17 by "mach5one" with MS VC++ 15.5 (VS2017)

END.
