#
# A fatal error has been detected by the Java Runtime Environment:
#
#  EXCEPTION_ACCESS_VIOLATION (0xc0000005) at pc=0x00007ffcf5a17c50, pid=6080, tid=6100
#
# JRE version: Java(TM) SE Runtime Environment (12.0.2+10) (build 12.0.2+10)
# Java VM: Java HotSpot(TM) 64-Bit Server VM (12.0.2+10, mixed mode, sharing, tiered, compressed oops, g1 gc, windows-amd64)
# Problematic frame:
# C  [ig9icd64.dll+0x137c50]
#
# No core dump will be written. Minidumps are not enabled by default on client versions of Windows
#
# If you would like to submit a bug report, please visit:
#   http://bugreport.java.com/bugreport/crash.jsp
# The crash happened outside the Java Virtual Machine in native code.
# See problematic frame for where to report the bug.
#

---------------  S U M M A R Y ------------

Command Line: -agentlib:jdwp=transport=dt_socket,suspend=y,address=localhost:60048 -javaagent:C:\Users\Matthias Zwicker\eclipse\java-2021-06\eclipse\configuration\org.eclipse.osgi\222\0\.cp\lib\javaagent-shaded.jar -Dfile.encoding=Cp1252 simple.simple

Host: Intel(R) Core(TM) i5-6300U CPU @ 2.40GHz, 4 cores, 7G,  Windows 10 , 64 bit Build 19041 (10.0.19041.1151)
Time: Sun Aug 29 23:33:01 2021 Eastern Daylight Time elapsed time: 44 seconds (0d 0h 0m 44s)

---------------  T H R E A D  ---------------

Current thread (0x0000029c2f0e6800):  JavaThread "main" [_thread_in_native, id=6100, stack(0x000000d1f2900000,0x000000d1f2a00000)]

Stack: [0x000000d1f2900000,0x000000d1f2a00000],  sp=0x000000d1f29fe830,  free space=1018k
Native frames: (J=compiled Java code, j=interpreted, Vv=VM code, C=native code)
C  [ig9icd64.dll+0x137c50]

Java frames: (J=compiled Java code, j=interpreted, Vv=VM code)
j  org.lwjgl.opengl.GL11C.nglTexImage2D(IIIIIIIIJ)V+0
j  org.lwjgl.opengl.GL11C.glTexImage2D(IIIIIIIILjava/nio/IntBuffer;)V+17
j  org.lwjgl.opengl.GL11.glTexImage2D(IIIIIIIILjava/nio/IntBuffer;)V+14
j  jrtr.glrenderer.GLTexture.load(Ljava/lang/String;)V+94
j  simple.simple$SimpleRenderPanel.init(Ljrtr/RenderContext;)V+179
j  jrtr.glrenderer.GLRenderPanel.showWindow()V+40
j  simple.simple.main([Ljava/lang/String;)V+13
v  ~StubRoutines::call_stub

siginfo: EXCEPTION_ACCESS_VIOLATION (0xc0000005), reading address 0x0000000000000010


Register to memory mapping:

RIP=0x00007ffcf5a17c50 ig9icd64.dll
RAX=0x0 is NULL
RBX=0x000000d1f29fe920 is pointing into the stack for thread: 0x0000029c2f0e6800
RCX=0x0 is NULL
RDX=0x0000000000000010 is an unknown value
RSP=0x000000d1f29fe830 is pointing into the stack for thread: 0x0000029c2f0e6800
RBP=0x000000d1f29fe990 is pointing into the stack for thread: 0x0000029c2f0e6800
RSI=0x0000029c53be0000 points into unknown readable memory: 00 00 00 00 00 00 00 00
RDI=0x0000029c53be0000 points into unknown readable memory: 00 00 00 00 00 00 00 00
R8 =0x000000000012c000 is an unknown value
R9 =0x0000000000002580 is an unknown value
R10=0x0 is NULL
R11=0x0000029c50bdaf24 points into unknown readable memory: 00 00 00 00
R12=0x0 is NULL
R13=0x000000d1f29feab0 is pointing into the stack for thread: 0x0000029c2f0e6800
R14=0x00000000000001e0 is an unknown value
R15=0x00000000000001c1 is an unknown value


Registers:
RAX=0x0000000000000000, RBX=0x000000d1f29fe920, RCX=0x0000000000000000, RDX=0x0000000000000010
RSP=0x000000d1f29fe830, RBP=0x000000d1f29fe990, RSI=0x0000029c53be0000, RDI=0x0000029c53be0000
R8 =0x000000000012c000, R9 =0x0000000000002580, R10=0x0000000000000000, R11=0x0000029c50bdaf24
R12=0x0000000000000000, R13=0x000000d1f29feab0, R14=0x00000000000001e0, R15=0x00000000000001c1
RIP=0x00007ffcf5a17c50, EFLAGS=0x0000000000010202

Top of Stack: (sp=0x000000d1f29fe830)
0x000000d1f29fe830:   0000000000000000 0000000000000000
0x000000d1f29fe840:   0000000000000000 0000000000000000
0x000000d1f29fe850:   0000000000000010 00007ffcf5d7cdcc
0x000000d1f29fe860:   000001e000000280 0000000000000010
0x000000d1f29fe870:   00007ffcf5d7ca70 000000d1f29feab0
0x000000d1f29fe880:   0000000000000000 00007ffcf5d7f64a
0x000000d1f29fe890:   000000d1f29fe990 000000d1f29fea70
0x000000d1f29fe8a0:   0000029c53be0000 00007ffcf5d7dd70
0x000000d1f29fe8b0:   0000003100000049 0000000000000001
0x000000d1f29fe8c0:   0000000000000010 0000000000000000
0x000000d1f29fe8d0:   0000029c53be0000 0000000000000000
0x000000d1f29fe8e0:   0000029c50ce2cd0 00007ffcf590c6ef
0x000000d1f29fe8f0:   0000000000000001 0000000000000000
0x000000d1f29fe900:   0000029c50ac6f80 0000000000000000
0x000000d1f29fe910:   0000000000000000 0000000000000000
0x000000d1f29fe920:   00007ffcf633bbb0 0000029c50bc2240 

Instructions: (pc=0x00007ffcf5a17c50)
0x00007ffcf5a17b50:   0f be c0 66 0f 6e c0 66 0f 60 c0 66 0f 61 c0 66
0x00007ffcf5a17b60:   0f 70 c0 00 66 0f 64 c8 66 0f f7 d1 49 03 f9 41
0x00007ffcf5a17b70:   8b c1 44 8b d1 4c 2b c0 0f 29 74 24 10 4d 8b c8
0x00007ffcf5a17b80:   0f 29 3c 24 49 c1 e9 07 f6 c2 0f 0f 84 af 00 00
0x00007ffcf5a17b90:   00 4d 85 c9 74 6b 66 66 0f 1f 84 00 00 00 00 00
0x00007ffcf5a17ba0:   f3 0f 6f 3a 41 ff c2 f3 0f 6f 72 10 41 8b c2 f3
0x00007ffcf5a17bb0:   0f 6f 6a 20 f3 0f 6f 62 30 f3 0f 6f 5a 40 f3 0f
0x00007ffcf5a17bc0:   6f 52 50 f3 0f 6f 4a 60 f3 0f 6f 42 70 66 0f e7
0x00007ffcf5a17bd0:   3f 66 0f e7 77 10 66 0f e7 6f 20 66 0f e7 67 30
0x00007ffcf5a17be0:   66 0f e7 5f 40 66 0f e7 57 50 66 0f e7 4f 60 66
0x00007ffcf5a17bf0:   0f e7 47 70 48 83 ef 80 48 83 ea 80 49 3b c1 72
0x00007ffcf5a17c00:   9f 41 83 e0 7f 0f 84 e0 00 00 00 45 8b d0 44 8b
0x00007ffcf5a17c10:   c9 49 c1 ea 04 4d 85 d2 0f 84 cd 00 00 00 66 90
0x00007ffcf5a17c20:   f3 0f 6f 02 41 ff c1 48 83 c2 10 41 8b c1 66 0f
0x00007ffcf5a17c30:   e7 07 48 83 c7 10 49 3b c2 72 e5 e9 ab 00 00 00
0x00007ffcf5a17c40:   4d 85 c9 74 6c 66 66 66 0f 1f 84 00 00 00 00 00
0x00007ffcf5a17c50:   f3 0f 6f 3a 41 ff c2 f3 0f 6f 72 10 f3 0f 6f 6a
0x00007ffcf5a17c60:   20 f3 0f 6f 62 30 f3 0f 6f 5a 40 f3 0f 6f 52 50
0x00007ffcf5a17c70:   f3 0f 6f 4a 60 f3 0f 6f 42 70 48 83 ea 80 66 0f
0x00007ffcf5a17c80:   e7 3f 66 0f e7 77 10 66 0f e7 6f 20 66 0f e7 67
0x00007ffcf5a17c90:   30 66 0f e7 5f 40 66 0f e7 57 50 66 0f e7 4f 60
0x00007ffcf5a17ca0:   66 0f e7 47 70 48 83 ef 80 41 8b c2 49 3b c1 72
0x00007ffcf5a17cb0:   9f 41 83 e0 7f 74 34 45 8b d0 44 8b c9 49 c1 ea
0x00007ffcf5a17cc0:   04 4d 85 d2 74 25 66 66 0f 1f 84 00 00 00 00 00
0x00007ffcf5a17cd0:   f3 0f 6f 02 41 ff c1 66 0f e7 07 48 83 c7 10 41
0x00007ffcf5a17ce0:   8b c1 48 83 c2 10 49 3b c2 72 e5 0f 28 74 24 10
0x00007ffcf5a17cf0:   0f 28 3c 24 41 83 e0 0f 74 49 45 8b d0 44 8b c9
0x00007ffcf5a17d00:   49 c1 ea 02 4d 85 d2 74 1e 0f 1f 80 00 00 00 00
0x00007ffcf5a17d10:   8b 02 41 ff c1 89 07 48 83 c2 04 48 83 c7 04 41
0x00007ffcf5a17d20:   8b c1 49 3b c2 72 e9 41 83 e0 03 76 16 48 2b d7
0x00007ffcf5a17d30:   0f b6 04 3a ff c1 88 07 48 8d 7f 01 8b c1 49 3b
0x00007ffcf5a17d40:   c0 72 ed 48 83 c4 20 5f c3 cc cc cc cc cc cc cc 


Stack slot to memory mapping:
stack at sp + 0 slots: 0x0 is NULL
stack at sp + 1 slots: 0x0 is NULL
stack at sp + 2 slots: 0x0 is NULL
stack at sp + 3 slots: 0x0 is NULL
stack at sp + 4 slots: 0x0000000000000010 is an unknown value
stack at sp + 5 slots: 0x00007ffcf5d7cdcc ig9icd64.dll
stack at sp + 6 slots: 0x000001e000000280 is an unknown value
stack at sp + 7 slots: 0x0000000000000010 is an unknown value


---------------  P R O C E S S  ---------------

Threads class SMR info:
_java_thread_list=0x0000029c505ff350, length=14, elements={
0x0000029c2f0e6800, 0x0000029c4f45d800, 0x0000029c4f461800, 0x0000029c4f47b000,
0x0000029c4f47c000, 0x0000029c4f47e800, 0x0000029c4f4de000, 0x0000029c4fe07800,
0x0000029c4f442800, 0x0000029c4ff38800, 0x0000029c4ff3d800, 0x0000029c4ff3e800,
0x0000029c5016d000, 0x0000029c50006800
}

Java Threads: ( => current thread )
=>0x0000029c2f0e6800 JavaThread "main" [_thread_in_native, id=6100, stack(0x000000d1f2900000,0x000000d1f2a00000)]
  0x0000029c4f45d800 JavaThread "Reference Handler" daemon [_thread_blocked, id=17232, stack(0x000000d1f3000000,0x000000d1f3100000)]
  0x0000029c4f461800 JavaThread "Finalizer" daemon [_thread_blocked, id=2052, stack(0x000000d1f3100000,0x000000d1f3200000)]
  0x0000029c4f47b000 JavaThread "Signal Dispatcher" daemon [_thread_blocked, id=5356, stack(0x000000d1f3200000,0x000000d1f3300000)]
  0x0000029c4f47c000 JavaThread "Attach Listener" daemon [_thread_blocked, id=9688, stack(0x000000d1f3300000,0x000000d1f3400000)]
  0x0000029c4f47e800 JavaThread "C2 CompilerThread0" daemon [_thread_blocked, id=17096, stack(0x000000d1f3400000,0x000000d1f3500000)]
  0x0000029c4f4de000 JavaThread "C1 CompilerThread0" daemon [_thread_blocked, id=9672, stack(0x000000d1f3500000,0x000000d1f3600000)]
  0x0000029c4fe07800 JavaThread "Sweeper thread" daemon [_thread_blocked, id=1892, stack(0x000000d1f3600000,0x000000d1f3700000)]
  0x0000029c4f442800 JavaThread "Common-Cleaner" daemon [_thread_blocked, id=8180, stack(0x000000d1f3700000,0x000000d1f3800000)]
  0x0000029c4ff38800 JavaThread "JDWP Transport Listener: dt_socket" daemon [_thread_blocked, id=16612, stack(0x000000d1f3800000,0x000000d1f3900000)]
  0x0000029c4ff3d800 JavaThread "JDWP Event Helper Thread" daemon [_thread_blocked, id=18420, stack(0x000000d1f3900000,0x000000d1f3a00000)]
  0x0000029c4ff3e800 JavaThread "JDWP Command Reader" daemon [_thread_in_native, id=16496, stack(0x000000d1f3a00000,0x000000d1f3b00000)]
  0x0000029c5016d000 JavaThread "Service Thread" daemon [_thread_blocked, id=8776, stack(0x000000d1f3b00000,0x000000d1f3c00000)]
  0x0000029c50006800 JavaThread "Java2D Disposer" daemon [_thread_blocked, id=13444, stack(0x000000d1f4400000,0x000000d1f4500000)]

Other Threads:
  0x0000029c4f459800 VMThread "VM Thread" [stack: 0x000000d1f2f00000,0x000000d1f3000000] [id=9100]
  0x0000029c50168000 WatcherThread [stack: 0x000000d1f3c00000,0x000000d1f3d00000] [id=5504]
  0x0000029c2f125000 GCTaskThread "GC Thread#0" [stack: 0x000000d1f2a00000,0x000000d1f2b00000] [id=5304]
  0x0000029c501e4000 GCTaskThread "GC Thread#1" [stack: 0x000000d1f3d00000,0x000000d1f3e00000] [id=11432]
  0x0000029c501e4800 GCTaskThread "GC Thread#2" [stack: 0x000000d1f4300000,0x000000d1f4400000] [id=15240]
  0x0000029c2f134800 ConcurrentGCThread "G1 Main Marker" [stack: 0x000000d1f2b00000,0x000000d1f2c00000] [id=16772]
  0x0000029c2f136800 ConcurrentGCThread "G1 Conc#0" [stack: 0x000000d1f2c00000,0x000000d1f2d00000] [id=13436]
  0x0000029c2f1c7800 ConcurrentGCThread "G1 Refine#0" [stack: 0x000000d1f2d00000,0x000000d1f2e00000] [id=16752]
  0x0000029c2f1c9000 ConcurrentGCThread "G1 Young RemSet Sampling" [stack: 0x000000d1f2e00000,0x000000d1f2f00000] [id=10320]

Threads with active compile tasks:

VM state:not at safepoint (normal execution)

VM Mutex/Monitor currently owned by a thread: None

Heap address: 0x0000000081200000, size: 2030 MB, Compressed Oops mode: 32-bit
Narrow klass base: 0x0000000800000000, Narrow klass shift: 3
Compressed class space size: 1073741824 Address: 0x0000000801190000

Heap:
 garbage-first heap   total 131072K, used 35518K [0x0000000081200000, 0x0000000100000000)
  region size 1024K, 34 young (34816K), 2 survivors (2048K)
 Metaspace       used 8611K, capacity 9044K, committed 9216K, reserved 1058816K
  class space    used 611K, capacity 686K, committed 768K, reserved 1048576K
Heap Regions: E=young(eden), S=young(survivor), O=old, HS=humongous(starts), HC=humongous(continues), CS=collection set, F=free, A=archive, TAMS=top-at-mark-start (previous, next)
|   0|0x0000000081200000, 0x0000000081300000, 0x0000000081300000|100%|HS|  |TAMS 0x0000000081200000, 0x0000000081200000| Complete 
|   1|0x0000000081300000, 0x0000000081400000, 0x0000000081400000|100%|HS|  |TAMS 0x0000000081300000, 0x0000000081300000| Complete 
|   2|0x0000000081400000, 0x0000000081500000, 0x0000000081500000|100%|HC|  |TAMS 0x0000000081400000, 0x0000000081400000| Complete 
|   3|0x0000000081500000, 0x0000000081500000, 0x0000000081600000|  0%| F|  |TAMS 0x0000000081500000, 0x0000000081500000| Untracked 
|   4|0x0000000081600000, 0x0000000081600000, 0x0000000081700000|  0%| F|  |TAMS 0x0000000081600000, 0x0000000081600000| Untracked 
|   5|0x0000000081700000, 0x0000000081700000, 0x0000000081800000|  0%| F|  |TAMS 0x0000000081700000, 0x0000000081700000| Untracked 
|   6|0x0000000081800000, 0x0000000081800000, 0x0000000081900000|  0%| F|  |TAMS 0x0000000081800000, 0x0000000081800000| Untracked 
|   7|0x0000000081900000, 0x0000000081900000, 0x0000000081a00000|  0%| F|  |TAMS 0x0000000081900000, 0x0000000081900000| Untracked 
|   8|0x0000000081a00000, 0x0000000081a00000, 0x0000000081b00000|  0%| F|  |TAMS 0x0000000081a00000, 0x0000000081a00000| Untracked 
|   9|0x0000000081b00000, 0x0000000081b00000, 0x0000000081c00000|  0%| F|  |TAMS 0x0000000081b00000, 0x0000000081b00000| Untracked 
|  10|0x0000000081c00000, 0x0000000081c00000, 0x0000000081d00000|  0%| F|  |TAMS 0x0000000081c00000, 0x0000000081c00000| Untracked 
|  11|0x0000000081d00000, 0x0000000081d00000, 0x0000000081e00000|  0%| F|  |TAMS 0x0000000081d00000, 0x0000000081d00000| Untracked 
|  12|0x0000000081e00000, 0x0000000081e00000, 0x0000000081f00000|  0%| F|  |TAMS 0x0000000081e00000, 0x0000000081e00000| Untracked 
|  13|0x0000000081f00000, 0x0000000081f00000, 0x0000000082000000|  0%| F|  |TAMS 0x0000000081f00000, 0x0000000081f00000| Untracked 
|  14|0x0000000082000000, 0x0000000082000000, 0x0000000082100000|  0%| F|  |TAMS 0x0000000082000000, 0x0000000082000000| Untracked 
|  15|0x0000000082100000, 0x0000000082100000, 0x0000000082200000|  0%| F|  |TAMS 0x0000000082100000, 0x0000000082100000| Untracked 
|  16|0x0000000082200000, 0x0000000082200000, 0x0000000082300000|  0%| F|  |TAMS 0x0000000082200000, 0x0000000082200000| Untracked 
|  17|0x0000000082300000, 0x0000000082300000, 0x0000000082400000|  0%| F|  |TAMS 0x0000000082300000, 0x0000000082300000| Untracked 
|  18|0x0000000082400000, 0x0000000082400000, 0x0000000082500000|  0%| F|  |TAMS 0x0000000082400000, 0x0000000082400000| Untracked 
|  19|0x0000000082500000, 0x0000000082500000, 0x0000000082600000|  0%| F|  |TAMS 0x0000000082500000, 0x0000000082500000| Untracked 
|  20|0x0000000082600000, 0x0000000082600000, 0x0000000082700000|  0%| F|  |TAMS 0x0000000082600000, 0x0000000082600000| Untracked 
|  21|0x0000000082700000, 0x0000000082700000, 0x0000000082800000|  0%| F|  |TAMS 0x0000000082700000, 0x0000000082700000| Untracked 
|  22|0x0000000082800000, 0x0000000082800000, 0x0000000082900000|  0%| F|  |TAMS 0x0000000082800000, 0x0000000082800000| Untracked 
|  23|0x0000000082900000, 0x0000000082900000, 0x0000000082a00000|  0%| F|  |TAMS 0x0000000082900000, 0x0000000082900000| Untracked 
|  24|0x0000000082a00000, 0x0000000082a00000, 0x0000000082b00000|  0%| F|  |TAMS 0x0000000082a00000, 0x0000000082a00000| Untracked 
|  25|0x0000000082b00000, 0x0000000082b00000, 0x0000000082c00000|  0%| F|  |TAMS 0x0000000082b00000, 0x0000000082b00000| Untracked 
|  26|0x0000000082c00000, 0x0000000082c00000, 0x0000000082d00000|  0%| F|  |TAMS 0x0000000082c00000, 0x0000000082c00000| Untracked 
|  27|0x0000000082d00000, 0x0000000082d00000, 0x0000000082e00000|  0%| F|  |TAMS 0x0000000082d00000, 0x0000000082d00000| Untracked 
|  28|0x0000000082e00000, 0x0000000082e00000, 0x0000000082f00000|  0%| F|  |TAMS 0x0000000082e00000, 0x0000000082e00000| Untracked 
|  29|0x0000000082f00000, 0x0000000082f00000, 0x0000000083000000|  0%| F|  |TAMS 0x0000000082f00000, 0x0000000082f00000| Untracked 
|  30|0x0000000083000000, 0x0000000083000000, 0x0000000083100000|  0%| F|  |TAMS 0x0000000083000000, 0x0000000083000000| Untracked 
|  31|0x0000000083100000, 0x0000000083100000, 0x0000000083200000|  0%| F|  |TAMS 0x0000000083100000, 0x0000000083100000| Untracked 
|  32|0x0000000083200000, 0x0000000083200000, 0x0000000083300000|  0%| F|  |TAMS 0x0000000083200000, 0x0000000083200000| Untracked 
|  33|0x0000000083300000, 0x0000000083300000, 0x0000000083400000|  0%| F|  |TAMS 0x0000000083300000, 0x0000000083300000| Untracked 
|  34|0x0000000083400000, 0x0000000083400000, 0x0000000083500000|  0%| F|  |TAMS 0x0000000083400000, 0x0000000083400000| Untracked 
|  35|0x0000000083500000, 0x0000000083500000, 0x0000000083600000|  0%| F|  |TAMS 0x0000000083500000, 0x0000000083500000| Untracked 
|  36|0x0000000083600000, 0x0000000083600000, 0x0000000083700000|  0%| F|  |TAMS 0x0000000083600000, 0x0000000083600000| Untracked 
|  37|0x0000000083700000, 0x0000000083700000, 0x0000000083800000|  0%| F|  |TAMS 0x0000000083700000, 0x0000000083700000| Untracked 
|  38|0x0000000083800000, 0x0000000083800000, 0x0000000083900000|  0%| F|  |TAMS 0x0000000083800000, 0x0000000083800000| Untracked 
|  39|0x0000000083900000, 0x0000000083900000, 0x0000000083a00000|  0%| F|  |TAMS 0x0000000083900000, 0x0000000083900000| Untracked 
|  40|0x0000000083a00000, 0x0000000083a00000, 0x0000000083b00000|  0%| F|  |TAMS 0x0000000083a00000, 0x0000000083a00000| Untracked 
|  41|0x0000000083b00000, 0x0000000083b00000, 0x0000000083c00000|  0%| F|  |TAMS 0x0000000083b00000, 0x0000000083b00000| Untracked 
|  42|0x0000000083c00000, 0x0000000083c00000, 0x0000000083d00000|  0%| F|  |TAMS 0x0000000083c00000, 0x0000000083c00000| Untracked 
|  43|0x0000000083d00000, 0x0000000083d00000, 0x0000000083e00000|  0%| F|  |TAMS 0x0000000083d00000, 0x0000000083d00000| Untracked 
|  44|0x0000000083e00000, 0x0000000083e00000, 0x0000000083f00000|  0%| F|  |TAMS 0x0000000083e00000, 0x0000000083e00000| Untracked 
|  45|0x0000000083f00000, 0x0000000083f00000, 0x0000000084000000|  0%| F|  |TAMS 0x0000000083f00000, 0x0000000083f00000| Untracked 
|  46|0x0000000084000000, 0x0000000084000000, 0x0000000084100000|  0%| F|  |TAMS 0x0000000084000000, 0x0000000084000000| Untracked 
|  47|0x0000000084100000, 0x0000000084100000, 0x0000000084200000|  0%| F|  |TAMS 0x0000000084100000, 0x0000000084100000| Untracked 
|  48|0x0000000084200000, 0x0000000084200000, 0x0000000084300000|  0%| F|  |TAMS 0x0000000084200000, 0x0000000084200000| Untracked 
|  49|0x0000000084300000, 0x0000000084300000, 0x0000000084400000|  0%| F|  |TAMS 0x0000000084300000, 0x0000000084300000| Untracked 
|  50|0x0000000084400000, 0x0000000084400000, 0x0000000084500000|  0%| F|  |TAMS 0x0000000084400000, 0x0000000084400000| Untracked 
|  51|0x0000000084500000, 0x0000000084500000, 0x0000000084600000|  0%| F|  |TAMS 0x0000000084500000, 0x0000000084500000| Untracked 
|  52|0x0000000084600000, 0x0000000084600000, 0x0000000084700000|  0%| F|  |TAMS 0x0000000084600000, 0x0000000084600000| Untracked 
|  53|0x0000000084700000, 0x0000000084700000, 0x0000000084800000|  0%| F|  |TAMS 0x0000000084700000, 0x0000000084700000| Untracked 
|  54|0x0000000084800000, 0x0000000084800000, 0x0000000084900000|  0%| F|  |TAMS 0x0000000084800000, 0x0000000084800000| Untracked 
|  55|0x0000000084900000, 0x0000000084900000, 0x0000000084a00000|  0%| F|  |TAMS 0x0000000084900000, 0x0000000084900000| Untracked 
|  56|0x0000000084a00000, 0x0000000084a00000, 0x0000000084b00000|  0%| F|  |TAMS 0x0000000084a00000, 0x0000000084a00000| Untracked 
|  57|0x0000000084b00000, 0x0000000084b00000, 0x0000000084c00000|  0%| F|  |TAMS 0x0000000084b00000, 0x0000000084b00000| Untracked 
|  58|0x0000000084c00000, 0x0000000084c00000, 0x0000000084d00000|  0%| F|  |TAMS 0x0000000084c00000, 0x0000000084c00000| Untracked 
|  59|0x0000000084d00000, 0x0000000084d00000, 0x0000000084e00000|  0%| F|  |TAMS 0x0000000084d00000, 0x0000000084d00000| Untracked 
|  60|0x0000000084e00000, 0x0000000084e00000, 0x0000000084f00000|  0%| F|  |TAMS 0x0000000084e00000, 0x0000000084e00000| Untracked 
|  61|0x0000000084f00000, 0x0000000084f00000, 0x0000000085000000|  0%| F|  |TAMS 0x0000000084f00000, 0x0000000084f00000| Untracked 
|  62|0x0000000085000000, 0x0000000085000000, 0x0000000085100000|  0%| F|  |TAMS 0x0000000085000000, 0x0000000085000000| Untracked 
|  63|0x0000000085100000, 0x0000000085100000, 0x0000000085200000|  0%| F|  |TAMS 0x0000000085100000, 0x0000000085100000| Untracked 
|  64|0x0000000085200000, 0x0000000085200000, 0x0000000085300000|  0%| F|  |TAMS 0x0000000085200000, 0x0000000085200000| Untracked 
|  65|0x0000000085300000, 0x0000000085300000, 0x0000000085400000|  0%| F|  |TAMS 0x0000000085300000, 0x0000000085300000| Untracked 
|  66|0x0000000085400000, 0x0000000085400000, 0x0000000085500000|  0%| F|  |TAMS 0x0000000085400000, 0x0000000085400000| Untracked 
|  67|0x0000000085500000, 0x0000000085500000, 0x0000000085600000|  0%| F|  |TAMS 0x0000000085500000, 0x0000000085500000| Untracked 
|  68|0x0000000085600000, 0x0000000085600000, 0x0000000085700000|  0%| F|  |TAMS 0x0000000085600000, 0x0000000085600000| Untracked 
|  69|0x0000000085700000, 0x0000000085700000, 0x0000000085800000|  0%| F|  |TAMS 0x0000000085700000, 0x0000000085700000| Untracked 
|  70|0x0000000085800000, 0x0000000085800000, 0x0000000085900000|  0%| F|  |TAMS 0x0000000085800000, 0x0000000085800000| Untracked 
|  71|0x0000000085900000, 0x0000000085900000, 0x0000000085a00000|  0%| F|  |TAMS 0x0000000085900000, 0x0000000085900000| Untracked 
|  72|0x0000000085a00000, 0x0000000085a00000, 0x0000000085b00000|  0%| F|  |TAMS 0x0000000085a00000, 0x0000000085a00000| Untracked 
|  73|0x0000000085b00000, 0x0000000085b00000, 0x0000000085c00000|  0%| F|  |TAMS 0x0000000085b00000, 0x0000000085b00000| Untracked 
|  74|0x0000000085c00000, 0x0000000085c00000, 0x0000000085d00000|  0%| F|  |TAMS 0x0000000085c00000, 0x0000000085c00000| Untracked 
|  75|0x0000000085d00000, 0x0000000085d00000, 0x0000000085e00000|  0%| F|  |TAMS 0x0000000085d00000, 0x0000000085d00000| Untracked 
|  76|0x0000000085e00000, 0x0000000085e00000, 0x0000000085f00000|  0%| F|  |TAMS 0x0000000085e00000, 0x0000000085e00000| Untracked 
|  77|0x0000000085f00000, 0x0000000085f00000, 0x0000000086000000|  0%| F|  |TAMS 0x0000000085f00000, 0x0000000085f00000| Untracked 
|  78|0x0000000086000000, 0x0000000086000000, 0x0000000086100000|  0%| F|  |TAMS 0x0000000086000000, 0x0000000086000000| Untracked 
|  79|0x0000000086100000, 0x0000000086100000, 0x0000000086200000|  0%| F|  |TAMS 0x0000000086100000, 0x0000000086100000| Untracked 
|  80|0x0000000086200000, 0x0000000086200000, 0x0000000086300000|  0%| F|  |TAMS 0x0000000086200000, 0x0000000086200000| Untracked 
|  81|0x0000000086300000, 0x0000000086300000, 0x0000000086400000|  0%| F|  |TAMS 0x0000000086300000, 0x0000000086300000| Untracked 
|  82|0x0000000086400000, 0x0000000086400000, 0x0000000086500000|  0%| F|  |TAMS 0x0000000086400000, 0x0000000086400000| Untracked 
|  83|0x0000000086500000, 0x0000000086500000, 0x0000000086600000|  0%| F|  |TAMS 0x0000000086500000, 0x0000000086500000| Untracked 
|  84|0x0000000086600000, 0x0000000086600000, 0x0000000086700000|  0%| F|  |TAMS 0x0000000086600000, 0x0000000086600000| Untracked 
|  85|0x0000000086700000, 0x0000000086700000, 0x0000000086800000|  0%| F|  |TAMS 0x0000000086700000, 0x0000000086700000| Untracked 
|  86|0x0000000086800000, 0x0000000086800000, 0x0000000086900000|  0%| F|  |TAMS 0x0000000086800000, 0x0000000086800000| Untracked 
|  87|0x0000000086900000, 0x0000000086900000, 0x0000000086a00000|  0%| F|  |TAMS 0x0000000086900000, 0x0000000086900000| Untracked 
|  88|0x0000000086a00000, 0x0000000086a00000, 0x0000000086b00000|  0%| F|  |TAMS 0x0000000086a00000, 0x0000000086a00000| Untracked 
|  89|0x0000000086b00000, 0x0000000086b00000, 0x0000000086c00000|  0%| F|  |TAMS 0x0000000086b00000, 0x0000000086b00000| Untracked 
|  90|0x0000000086c00000, 0x0000000086c00000, 0x0000000086d00000|  0%| F|  |TAMS 0x0000000086c00000, 0x0000000086c00000| Untracked 
|  91|0x0000000086d00000, 0x0000000086d00000, 0x0000000086e00000|  0%| F|  |TAMS 0x0000000086d00000, 0x0000000086d00000| Untracked 
|  92|0x0000000086e00000, 0x0000000086e00000, 0x0000000086f00000|  0%| F|  |TAMS 0x0000000086e00000, 0x0000000086e00000| Untracked 
|  93|0x0000000086f00000, 0x0000000086f00000, 0x0000000087000000|  0%| F|  |TAMS 0x0000000086f00000, 0x0000000086f00000| Untracked 
|  94|0x0000000087000000, 0x0000000087100000, 0x0000000087100000|100%| E|  |TAMS 0x0000000087000000, 0x0000000087000000| Complete 
|  95|0x0000000087100000, 0x0000000087200000, 0x0000000087200000|100%| E|CS|TAMS 0x0000000087100000, 0x0000000087100000| Complete 
|  96|0x0000000087200000, 0x0000000087300000, 0x0000000087300000|100%| E|CS|TAMS 0x0000000087200000, 0x0000000087200000| Complete 
|  97|0x0000000087300000, 0x0000000087400000, 0x0000000087400000|100%| E|CS|TAMS 0x0000000087300000, 0x0000000087300000| Complete 
|  98|0x0000000087400000, 0x0000000087500000, 0x0000000087500000|100%| E|CS|TAMS 0x0000000087400000, 0x0000000087400000| Complete 
|  99|0x0000000087500000, 0x0000000087600000, 0x0000000087600000|100%| E|CS|TAMS 0x0000000087500000, 0x0000000087500000| Complete 
| 100|0x0000000087600000, 0x0000000087700000, 0x0000000087700000|100%| E|CS|TAMS 0x0000000087600000, 0x0000000087600000| Complete 
| 101|0x0000000087700000, 0x0000000087800000, 0x0000000087800000|100%| E|CS|TAMS 0x0000000087700000, 0x0000000087700000| Complete 
| 102|0x0000000087800000, 0x0000000087900000, 0x0000000087900000|100%| E|CS|TAMS 0x0000000087800000, 0x0000000087800000| Complete 
| 103|0x0000000087900000, 0x0000000087a00000, 0x0000000087a00000|100%| E|CS|TAMS 0x0000000087900000, 0x0000000087900000| Complete 
| 104|0x0000000087a00000, 0x0000000087b00000, 0x0000000087b00000|100%| E|CS|TAMS 0x0000000087a00000, 0x0000000087a00000| Complete 
| 105|0x0000000087b00000, 0x0000000087c00000, 0x0000000087c00000|100%| E|CS|TAMS 0x0000000087b00000, 0x0000000087b00000| Complete 
| 106|0x0000000087c00000, 0x0000000087d00000, 0x0000000087d00000|100%| E|CS|TAMS 0x0000000087c00000, 0x0000000087c00000| Complete 
| 107|0x0000000087d00000, 0x0000000087e00000, 0x0000000087e00000|100%| E|CS|TAMS 0x0000000087d00000, 0x0000000087d00000| Complete 
| 108|0x0000000087e00000, 0x0000000087f00000, 0x0000000087f00000|100%| E|CS|TAMS 0x0000000087e00000, 0x0000000087e00000| Complete 
| 109|0x0000000087f00000, 0x0000000088000000, 0x0000000088000000|100%| E|CS|TAMS 0x0000000087f00000, 0x0000000087f00000| Complete 
| 110|0x0000000088000000, 0x0000000088100000, 0x0000000088100000|100%| E|CS|TAMS 0x0000000088000000, 0x0000000088000000| Complete 
| 111|0x0000000088100000, 0x0000000088200000, 0x0000000088200000|100%| E|CS|TAMS 0x0000000088100000, 0x0000000088100000| Complete 
| 112|0x0000000088200000, 0x00000000882afaf0, 0x0000000088300000| 68%| S|CS|TAMS 0x0000000088200000, 0x0000000088200000| Complete 
| 113|0x0000000088300000, 0x0000000088400000, 0x0000000088400000|100%| S|CS|TAMS 0x0000000088300000, 0x0000000088300000| Complete 
| 114|0x0000000088400000, 0x0000000088500000, 0x0000000088500000|100%| E|CS|TAMS 0x0000000088400000, 0x0000000088400000| Complete 
| 115|0x0000000088500000, 0x0000000088600000, 0x0000000088600000|100%| E|CS|TAMS 0x0000000088500000, 0x0000000088500000| Complete 
| 116|0x0000000088600000, 0x0000000088700000, 0x0000000088700000|100%| E|CS|TAMS 0x0000000088600000, 0x0000000088600000| Complete 
| 117|0x0000000088700000, 0x0000000088800000, 0x0000000088800000|100%| E|CS|TAMS 0x0000000088700000, 0x0000000088700000| Complete 
| 118|0x0000000088800000, 0x0000000088900000, 0x0000000088900000|100%| E|CS|TAMS 0x0000000088800000, 0x0000000088800000| Complete 
| 119|0x0000000088900000, 0x0000000088a00000, 0x0000000088a00000|100%| E|CS|TAMS 0x0000000088900000, 0x0000000088900000| Complete 
| 120|0x0000000088a00000, 0x0000000088b00000, 0x0000000088b00000|100%| E|CS|TAMS 0x0000000088a00000, 0x0000000088a00000| Complete 
| 121|0x0000000088b00000, 0x0000000088c00000, 0x0000000088c00000|100%| E|CS|TAMS 0x0000000088b00000, 0x0000000088b00000| Complete 
| 122|0x0000000088c00000, 0x0000000088d00000, 0x0000000088d00000|100%| E|CS|TAMS 0x0000000088c00000, 0x0000000088c00000| Complete 
| 123|0x0000000088d00000, 0x0000000088e00000, 0x0000000088e00000|100%| E|CS|TAMS 0x0000000088d00000, 0x0000000088d00000| Complete 
| 124|0x0000000088e00000, 0x0000000088f00000, 0x0000000088f00000|100%| E|CS|TAMS 0x0000000088e00000, 0x0000000088e00000| Complete 
| 125|0x0000000088f00000, 0x0000000089000000, 0x0000000089000000|100%| E|CS|TAMS 0x0000000088f00000, 0x0000000088f00000| Complete 
| 126|0x0000000089000000, 0x0000000089100000, 0x0000000089100000|100%| E|CS|TAMS 0x0000000089000000, 0x0000000089000000| Complete 
| 127|0x0000000089100000, 0x0000000089200000, 0x0000000089200000|100%| E|  |TAMS 0x0000000089100000, 0x0000000089100000| Complete 

Card table byte_map: [0x0000029c48720000,0x0000029c48b20000] _byte_map_base: 0x0000029c48317000

Marking Bits (Prev, Next): (CMBitMap*) 0x0000029c2f126e58, (CMBitMap*) 0x0000029c2f126e98
 Prev Bits: [0x0000029c48f20000, 0x0000029c4aed8000)
 Next Bits: [0x0000029c4aee0000, 0x0000029c4ce98000)

Polling page: 0x0000029c2efa0000

Metaspace:

Usage:
  Non-class:      8.16 MB capacity,     7.81 MB ( 96%) used,   344.03 KB (  4%) free+waste,    14.44 KB ( <1%) overhead. 
      Class:    686.00 KB capacity,   611.63 KB ( 89%) used,    67.55 KB ( 10%) free+waste,     6.81 KB ( <1%) overhead. 
       Both:      8.83 MB capacity,     8.41 MB ( 95%) used,   411.59 KB (  5%) free+waste,    21.25 KB ( <1%) overhead. 

Virtual space:
  Non-class space:       10.00 MB reserved,       8.25 MB ( 83%) committed 
      Class space:        1.00 GB reserved,     768.00 KB ( <1%) committed 
             Both:        1.01 GB reserved,       9.00 MB ( <1%) committed 

Chunk freelists:
   Non-Class:  3.25 KB
       Class:  2.25 KB
        Both:  5.50 KB

CodeHeap 'non-profiled nmethods': size=120064Kb used=284Kb max_used=284Kb free=119779Kb
 bounds [0x0000029c407c0000, 0x0000029c40a30000, 0x0000029c47d00000]
CodeHeap 'profiled nmethods': size=120000Kb used=1350Kb max_used=1350Kb free=118649Kb
 bounds [0x0000029c39290000, 0x0000029c39500000, 0x0000029c407c0000]
CodeHeap 'non-nmethods': size=5696Kb used=1564Kb max_used=1564Kb free=4131Kb
 bounds [0x0000029c38d00000, 0x0000029c38f70000, 0x0000029c39290000]
 total_blobs=1946 nmethods=790 adapters=897
 compilation: enabled
              stopped_count=0, restarted_count=0
 full_count=0

Compilation events (10 events):
Event: 1.093 Thread 0x0000029c4f4de000 nmethod 736 0x0000029c393dec90 code [0x0000029c393dee40, 0x0000029c393defd8]
Event: 1.093 Thread 0x0000029c4f4de000  730       3       jdk.internal.reflect.Reflection::verifyModuleAccess (24 bytes)
Event: 1.093 Thread 0x0000029c4f4de000 nmethod 730 0x0000029c393df090 code [0x0000029c393df2c0, 0x0000029c393df860]
Event: 1.100 Thread 0x0000029c4f47e800 nmethod 731 0x0000029c407ffd90 code [0x0000029c407fff80, 0x0000029c408007e8]
Event: 1.403 Thread 0x0000029c4f4de000  739       3       org.eclipse.jdt.launching.internal.org.objectweb.asm.FieldWriter::putFieldInfo (269 bytes)
Event: 1.404 Thread 0x0000029c4f4de000 nmethod 739 0x0000029c393dfb10 code [0x0000029c393dfdc0, 0x0000029c393e0830]
Event: 1.406 Thread 0x0000029c4f4de000  741   !   3       java.util.zip.ZipFile$ZipFileInputStream::close (59 bytes)
Event: 1.406 Thread 0x0000029c4f4de000 nmethod 741 0x0000029c393e0c10 code [0x0000029c393e0e00, 0x0000029c393e12f0]
Event: 1.406 Thread 0x0000029c4f4de000  742       3       java.util.Collections$SetFromMap::remove (19 bytes)
Event: 1.406 Thread 0x0000029c4f4de000 nmethod 742 0x0000029c393e1510 code [0x0000029c393e16e0, 0x0000029c393e19b0]

GC Heap History (2 events):
Event: 17.208 GC heap before
{Heap before GC invocations=0 (full 0):
 garbage-first heap   total 131072K, used 14336K [0x0000000081200000, 0x0000000100000000)
  region size 1024K, 14 young (14336K), 0 survivors (0K)
 Metaspace       used 4361K, capacity 5969K, committed 6272K, reserved 1056768K
  class space    used 374K, capacity 545K, committed 640K, reserved 1048576K
}
Event: 17.212 GC heap after
{Heap after GC invocations=1 (full 0):
 garbage-first heap   total 131072K, used 1726K [0x0000000081200000, 0x0000000100000000)
  region size 1024K, 2 young (2048K), 2 survivors (2048K)
 Metaspace       used 4361K, capacity 5969K, committed 6272K, reserved 1056768K
  class space    used 374K, capacity 545K, committed 640K, reserved 1048576K
}

Deoptimization events (10 events):
Event: 0.458 Thread 0x0000029c2f0e6800 Uncommon trap: reason=class_check action=maybe_recompile pc=0x0000029c407cea9c method=java.util.HashMap.putVal(ILjava/lang/Object;Ljava/lang/Object;ZZ)Ljava/lang/Object; @ 152 c2
Event: 0.465 Thread 0x0000029c2f0e6800 Uncommon trap: reason=class_check action=maybe_recompile pc=0x0000029c407cea9c method=java.util.HashMap.putVal(ILjava/lang/Object;Ljava/lang/Object;ZZ)Ljava/lang/Object; @ 152 c2
Event: 0.558 Thread 0x0000029c2f0e6800 Uncommon trap: reason=unstable_if action=reinterpret pc=0x0000029c407d099c method=java.util.HashMap.putVal(ILjava/lang/Object;Ljava/lang/Object;ZZ)Ljava/lang/Object; @ 181 c2
Event: 0.746 Thread 0x0000029c2f0e6800 Uncommon trap: reason=unstable_if action=reinterpret pc=0x0000029c407c5ba8 method=java.lang.String.isLatin1()Z @ 10 c2
Event: 0.961 Thread 0x0000029c2f0e6800 Uncommon trap: reason=bimorphic_or_optimized_type_check action=maybe_recompile pc=0x0000029c407cacc4 method=java.util.AbstractCollection.isEmpty()Z @ 1 c2
Event: 0.961 Thread 0x0000029c2f0e6800 Uncommon trap: reason=bimorphic_or_optimized_type_check action=maybe_recompile pc=0x0000029c407cacc4 method=java.util.AbstractCollection.isEmpty()Z @ 1 c2
Event: 0.962 Thread 0x0000029c2f0e6800 Uncommon trap: reason=bimorphic_or_optimized_type_check action=maybe_recompile pc=0x0000029c407cacc4 method=java.util.AbstractCollection.isEmpty()Z @ 1 c2
Event: 0.976 Thread 0x0000029c2f0e6800 Uncommon trap: reason=unstable_if action=reinterpret pc=0x0000029c407edba4 method=java.lang.StringLatin1.indexOf([BI[BII)I @ 91 c2
Event: 0.977 Thread 0x0000029c2f0e6800 Uncommon trap: reason=unstable_if action=reinterpret pc=0x0000029c407ed3a4 method=java.lang.String.startsWith(Ljava/lang/String;I)Z @ 14 c2
Event: 0.980 Thread 0x0000029c2f0e6800 Uncommon trap: reason=unstable_if action=reinterpret pc=0x0000029c407e85a4 method=java.lang.String.<init>([CIILjava/lang/Void;)V @ 5 c2

Classes redefined (0 events):
No events

Internal exceptions (10 events):
Event: 1.073 Thread 0x0000029c2f0e6800 Exception <a 'sun/nio/fs/WindowsException'{0x00000000886e06f0}> (0x00000000886e06f0) thrown at [t:/workspace/open/src/hotspot/share/prims/jni.cpp, line 615]
Event: 1.073 Thread 0x0000029c2f0e6800 Exception <a 'sun/nio/fs/WindowsException'{0x00000000886e0ab0}> (0x00000000886e0ab0) thrown at [t:/workspace/open/src/hotspot/share/prims/jni.cpp, line 615]
Event: 13.902 Thread 0x0000029c2f0e6800 Exception <a 'java/lang/NoSuchMethodError'{0x0000000088453cf0}: java.lang.invoke.DirectMethodHandle$Holder.invokeStatic(Ljava/lang/Object;JII)V> (0x0000000088453cf0) thrown at [t:/workspace/open/src/hotspot/share/interpreter/linkResolver.cpp, line 777]
Event: 16.455 Thread 0x0000029c2f0e6800 Exception <a 'sun/nio/fs/WindowsException'{0x00000000884dcff8}> (0x00000000884dcff8) thrown at [t:/workspace/open/src/hotspot/share/prims/jni.cpp, line 615]
Event: 16.460 Thread 0x0000029c2f0e6800 Exception <a 'sun/nio/fs/WindowsException'{0x00000000884dd3f8}> (0x00000000884dd3f8) thrown at [t:/workspace/open/src/hotspot/share/prims/jni.cpp, line 615]
Event: 17.144 Thread 0x0000029c2f0e6800 Exception <a 'sun/nio/fs/WindowsException'{0x00000000884f7798}> (0x00000000884f7798) thrown at [t:/workspace/open/src/hotspot/share/prims/jni.cpp, line 615]
Event: 17.147 Thread 0x0000029c2f0e6800 Exception <a 'sun/nio/fs/WindowsException'{0x00000000884f7ac8}> (0x00000000884f7ac8) thrown at [t:/workspace/open/src/hotspot/share/prims/jni.cpp, line 615]
Event: 33.694 Thread 0x0000029c2f0e6800 Exception <a 'java/lang/ClassNotFoundException'{0x0000000087ad1178}: sun/awt/resources/spi/awtProvider> (0x0000000087ad1178) thrown at [t:/workspace/open/src/hotspot/share/classfile/systemDictionary.cpp, line 235]
Event: 34.050 Thread 0x0000029c2f0e6800 Exception <a 'java/io/FileNotFoundException'{0x0000000087930d38}> (0x0000000087930d38) thrown at [t:/workspace/open/src/hotspot/share/prims/jni.cpp, line 615]
Event: 34.592 Thread 0x0000029c2f0e6800 Exception <a 'java/io/FileNotFoundException'{0x00000000879b0a20}> (0x00000000879b0a20) thrown at [t:/workspace/open/src/hotspot/share/prims/jni.cpp, line 615]

Events (10 events):
Event: 35.387 loading class java/awt/image/BufferedImage$1
Event: 35.387 loading class java/awt/image/BufferedImage$1 done
Event: 35.387 loading class sun/awt/image/IntegerComponentRaster
Event: 35.387 loading class sun/awt/image/IntegerComponentRaster done
Event: 35.387 loading class java/awt/image/IndexColorModel
Event: 35.387 loading class java/awt/image/IndexColorModel done
Event: 35.387 loading class sun/awt/image/ShortComponentRaster
Event: 35.388 loading class sun/awt/image/ShortComponentRaster done
Event: 35.785 loading class java/io/RandomAccessFile$1
Event: 35.785 loading class java/io/RandomAccessFile$1 done


Dynamic libraries:
0x00007ff72fc70000 - 0x00007ff72fc7f000 	C:\Program Files\Java\jdk-12.0.2\bin\javaw.exe
0x00007ffd707d0000 - 0x00007ffd709c5000 	C:\WINDOWS\SYSTEM32\ntdll.dll
0x00007ffd6eba0000 - 0x00007ffd6ec5d000 	C:\WINDOWS\System32\KERNEL32.DLL
0x00007ffd6e560000 - 0x00007ffd6e829000 	C:\WINDOWS\System32\KERNELBASE.dll
0x00007ffd6e020000 - 0x00007ffd6e120000 	C:\WINDOWS\System32\ucrtbase.dll
0x00007ffd4e7a0000 - 0x00007ffd4e7b8000 	C:\Program Files\Java\jdk-12.0.2\bin\jli.dll
0x00007ffd6eaf0000 - 0x00007ffd6eb9c000 	C:\WINDOWS\System32\ADVAPI32.dll
0x00007ffd6f440000 - 0x00007ffd6f4de000 	C:\WINDOWS\System32\msvcrt.dll
0x00007ffd6f890000 - 0x00007ffd6f92b000 	C:\WINDOWS\System32\sechost.dll
0x00007ffd6e960000 - 0x00007ffd6ea8a000 	C:\WINDOWS\System32\RPCRT4.dll
0x00007ffd6f5c0000 - 0x00007ffd6f760000 	C:\WINDOWS\System32\USER32.dll
0x00007ffd6e120000 - 0x00007ffd6e142000 	C:\WINDOWS\System32\win32u.dll
0x00007ffd6f930000 - 0x00007ffd6f95a000 	C:\WINDOWS\System32\GDI32.dll
0x00007ffd6e150000 - 0x00007ffd6e25b000 	C:\WINDOWS\System32\gdi32full.dll
0x00007ffd46500000 - 0x00007ffd46516000 	C:\Program Files\Java\jdk-12.0.2\bin\VCRUNTIME140.dll
0x00007ffd6e4c0000 - 0x00007ffd6e55d000 	C:\WINDOWS\System32\msvcp_win.dll
0x00007ffd59fa0000 - 0x00007ffd5a23a000 	C:\WINDOWS\WinSxS\amd64_microsoft.windows.common-controls_6595b64144ccf1df_6.0.19041.1110_none_60b5254171f9507e\COMCTL32.dll
0x00007ffd5d150000 - 0x00007ffd5d15a000 	C:\WINDOWS\SYSTEM32\VERSION.dll
0x00007ffd70530000 - 0x00007ffd70560000 	C:\WINDOWS\System32\IMM32.DLL
0x00007ffd444f0000 - 0x00007ffd4459a000 	C:\Program Files\Java\jdk-12.0.2\bin\msvcp140.dll
0x00007ffcf67d0000 - 0x00007ffcf7347000 	C:\Program Files\Java\jdk-12.0.2\bin\server\jvm.dll
0x00007ffd6f880000 - 0x00007ffd6f888000 	C:\WINDOWS\System32\PSAPI.DLL
0x00007ffd5b600000 - 0x00007ffd5b609000 	C:\WINDOWS\SYSTEM32\WSOCK32.dll
0x00007ffd70720000 - 0x00007ffd7078b000 	C:\WINDOWS\System32\WS2_32.dll
0x00007ffd53c20000 - 0x00007ffd53c47000 	C:\WINDOWS\SYSTEM32\WINMM.dll
0x00007ffd6c790000 - 0x00007ffd6c7a2000 	C:\WINDOWS\SYSTEM32\kernel.appcore.dll
0x00007ffd59940000 - 0x00007ffd59951000 	C:\Program Files\Java\jdk-12.0.2\bin\verify.dll
0x00007ffd6c420000 - 0x00007ffd6c604000 	C:\WINDOWS\SYSTEM32\DBGHELP.DLL
0x00007ffd51990000 - 0x00007ffd519bc000 	C:\WINDOWS\SYSTEM32\dbgcore.DLL
0x00007ffd6df90000 - 0x00007ffd6e013000 	C:\WINDOWS\System32\bcryptPrimitives.dll
0x00007ffd52f20000 - 0x00007ffd52f46000 	C:\Program Files\Java\jdk-12.0.2\bin\java.dll
0x00007ffd44de0000 - 0x00007ffd44e18000 	C:\Program Files\Java\jdk-12.0.2\bin\jdwp.dll
0x00007ffd52ef0000 - 0x00007ffd52efe000 	C:\Program Files\Java\jdk-12.0.2\bin\instrument.dll
0x00007ffd59770000 - 0x00007ffd59787000 	C:\Program Files\Java\jdk-12.0.2\bin\zip.dll
0x00007ffd59920000 - 0x00007ffd5992a000 	C:\Program Files\Java\jdk-12.0.2\bin\jimage.dll
0x00007ffd6fdf0000 - 0x00007ffd7052f000 	C:\WINDOWS\System32\SHELL32.dll
0x00007ffd6bb70000 - 0x00007ffd6c300000 	C:\WINDOWS\SYSTEM32\windows.storage.dll
0x00007ffd6f0e0000 - 0x00007ffd6f435000 	C:\WINDOWS\System32\combase.dll
0x00007ffd6d960000 - 0x00007ffd6d98c000 	C:\WINDOWS\SYSTEM32\Wldp.dll
0x00007ffd6e8b0000 - 0x00007ffd6e95e000 	C:\WINDOWS\System32\SHCORE.dll
0x00007ffd706c0000 - 0x00007ffd70715000 	C:\WINDOWS\System32\shlwapi.dll
0x00007ffd6de40000 - 0x00007ffd6de5f000 	C:\WINDOWS\SYSTEM32\profapi.dll
0x00007ffd52110000 - 0x00007ffd5211a000 	C:\Program Files\Java\jdk-12.0.2\bin\dt_socket.dll
0x00007ffd6d6c0000 - 0x00007ffd6d72a000 	C:\WINDOWS\System32\mswsock.dll
0x00007ffd6d3a0000 - 0x00007ffd6d46c000 	C:\WINDOWS\SYSTEM32\DNSAPI.dll
0x00007ffd6d360000 - 0x00007ffd6d39b000 	C:\WINDOWS\SYSTEM32\IPHLPAPI.DLL
0x00007ffd70580000 - 0x00007ffd70588000 	C:\WINDOWS\System32\NSI.dll
0x00007ffd5c690000 - 0x00007ffd5c70f000 	C:\WINDOWS\System32\fwpuclnt.dll
0x00007ffd6df60000 - 0x00007ffd6df87000 	C:\WINDOWS\System32\bcrypt.dll
0x00007ffd64c00000 - 0x00007ffd64c0a000 	C:\Windows\System32\rasadhlp.dll
0x00007ffd58f90000 - 0x00007ffd58fa9000 	C:\Program Files\Java\jdk-12.0.2\bin\net.dll
0x00007ffd5da10000 - 0x00007ffd5dbfc000 	C:\WINDOWS\SYSTEM32\urlmon.dll
0x00007ffd5ddd0000 - 0x00007ffd5e080000 	C:\WINDOWS\SYSTEM32\iertutil.dll
0x00007ffd67af0000 - 0x00007ffd67bf8000 	C:\WINDOWS\SYSTEM32\WINHTTP.dll
0x00007ffd5d9e0000 - 0x00007ffd5da08000 	C:\WINDOWS\SYSTEM32\srvcli.dll
0x00007ffd6d470000 - 0x00007ffd6d47c000 	C:\WINDOWS\SYSTEM32\netutils.dll
0x00007ffd509a0000 - 0x00007ffd509b3000 	C:\Program Files\Java\jdk-12.0.2\bin\nio.dll
0x00007ffd426b0000 - 0x00007ffd42714000 	C:\Users\Matthias Zwicker\AppData\Local\Temp\lwjglMatthias Zwicker\3.2.3-build-13\lwjgl.dll
0x00007ffd42640000 - 0x00007ffd426a2000 	C:\Users\MATTHI~1\AppData\Local\Temp\lwjglMatthias Zwicker\3.2.3-build-13\glfw.dll
0x00007ffd6b460000 - 0x00007ffd6b4fe000 	C:\WINDOWS\system32\uxtheme.dll
0x00007ffd44600000 - 0x00007ffd44645000 	C:\WINDOWS\SYSTEM32\dinput8.dll
0x00007ffd44c30000 - 0x00007ffd44c41000 	C:\WINDOWS\SYSTEM32\xinput1_4.dll
0x00007ffd6e3c0000 - 0x00007ffd6e40e000 	C:\WINDOWS\System32\cfgmgr32.dll
0x00007ffd6dca0000 - 0x00007ffd6dcd4000 	C:\WINDOWS\SYSTEM32\DEVOBJ.dll
0x00007ffd6b580000 - 0x00007ffd6b5af000 	C:\WINDOWS\SYSTEM32\dwmapi.dll
0x00007ffd5f1b0000 - 0x00007ffd5f302000 	C:\WINDOWS\SYSTEM32\inputhost.dll
0x00007ffd705f0000 - 0x00007ffd706bd000 	C:\WINDOWS\System32\OLEAUT32.dll
0x00007ffd6abc0000 - 0x00007ffd6acb2000 	C:\WINDOWS\SYSTEM32\CoreMessaging.dll
0x00007ffd6c640000 - 0x00007ffd6c736000 	C:\WINDOWS\SYSTEM32\PROPSYS.dll
0x00007ffd6a330000 - 0x00007ffd6a484000 	C:\WINDOWS\SYSTEM32\wintypes.dll
0x00007ffd6acc0000 - 0x00007ffd6b01e000 	C:\WINDOWS\SYSTEM32\CoreUIComponents.dll
0x00007ffd6cc00000 - 0x00007ffd6cc33000 	C:\WINDOWS\SYSTEM32\ntmarta.dll
0x00007ffd6f760000 - 0x00007ffd6f875000 	C:\WINDOWS\System32\MSCTF.dll
0x00007ffd6c740000 - 0x00007ffd6c74d000 	C:\WINDOWS\SYSTEM32\HID.DLL
0x00007ffd6ec60000 - 0x00007ffd6f0d2000 	C:\WINDOWS\System32\SETUPAPI.DLL
0x00007ffd6df00000 - 0x00007ffd6df60000 	C:\WINDOWS\System32\WINTRUST.dll
0x00007ffd6e260000 - 0x00007ffd6e3bf000 	C:\WINDOWS\System32\CRYPT32.dll
0x00007ffd6dae0000 - 0x00007ffd6daf2000 	C:\WINDOWS\SYSTEM32\MSASN1.dll
0x00007ffd1d9c0000 - 0x00007ffd1dae5000 	C:\WINDOWS\SYSTEM32\opengl32.dll
0x00007ffd444c0000 - 0x00007ffd444ec000 	C:\WINDOWS\SYSTEM32\GLU32.dll
0x00007ffd6f960000 - 0x00007ffd6fa09000 	C:\WINDOWS\System32\clbcatq.dll
0x00007ffcf58e0000 - 0x00007ffcf67ce000 	C:\WINDOWS\System32\DriverStore\FileRepository\64gh6299.inf_amd64_94401bd29769cd59\ig9icd64.dll
0x00007ffd6c800000 - 0x00007ffd6c8f4000 	C:\WINDOWS\SYSTEM32\dxgi.dll
0x00007ffd67300000 - 0x00007ffd6733b000 	C:\WINDOWS\SYSTEM32\dxcore.dll
0x00007ffd60e80000 - 0x00007ffd62d81000 	C:\WINDOWS\System32\DriverStore\FileRepository\64gh6299.inf_amd64_94401bd29769cd59\igc64.dll
0x00007ffd6d4e0000 - 0x00007ffd6d52b000 	C:\WINDOWS\SYSTEM32\powrprof.dll
0x00007ffd6d340000 - 0x00007ffd6d352000 	C:\WINDOWS\SYSTEM32\UMPDC.dll
0x00007ffd5f310000 - 0x00007ffd5f409000 	C:\WINDOWS\SYSTEM32\textinputframework.dll
0x00007ffd65610000 - 0x00007ffd65676000 	C:\WINDOWS\system32\Oleacc.dll
0x00007ffd425e0000 - 0x00007ffd42639000 	C:\Users\Matthias Zwicker\AppData\Local\Temp\lwjglMatthias Zwicker\3.2.3-build-13\lwjgl_opengl.dll
0x00007ffd15f70000 - 0x00007ffd1610f000 	C:\Program Files\Java\jdk-12.0.2\bin\awt.dll
0x00007ffd69d70000 - 0x00007ffd6a330000 	C:\WINDOWS\SYSTEM32\d2d1.dll
0x00007ffd6b230000 - 0x00007ffd6b2c0000 	C:\WINDOWS\SYSTEM32\apphelp.dll
0x00007ffd4edc0000 - 0x00007ffd4eded000 	C:\Program Files\Java\jdk-12.0.2\bin\javajpeg.dll

dbghelp: loaded successfully - version: 4.0.5 - missing functions: none
symbol engine: initialized successfully - sym options: 0x614 - pdb path: .;C:\Program Files\Java\jdk-12.0.2\bin;C:\WINDOWS\SYSTEM32;C:\WINDOWS\WinSxS\amd64_microsoft.windows.common-controls_6595b64144ccf1df_6.0.19041.1110_none_60b5254171f9507e;C:\Program Files\Java\jdk-12.0.2\bin\server;C:\Users\Matthias Zwicker\AppData\Local\Temp\lwjglMatthias Zwicker\3.2.3-build-13;C:\Users\MATTHI~1\AppData\Local\Temp\lwjglMatthias Zwicker\3.2.3-build-13;C:\WINDOWS\System32\DriverStore\FileRepository\64gh6299.inf_amd64_94401bd29769cd59

VM Arguments:
jvm_args: -agentlib:jdwp=transport=dt_socket,suspend=y,address=localhost:60048 -javaagent:C:\Users\Matthias Zwicker\eclipse\java-2021-06\eclipse\configuration\org.eclipse.osgi\222\0\.cp\lib\javaagent-shaded.jar -Dfile.encoding=Cp1252 
java_command: simple.simple
java_class_path (initial): C:\Users\Matthias Zwicker\git\JRTR-Base-Code-2021\simple\target\classes;C:\Users\Matthias Zwicker\git\JRTR-Base-Code-2021\jrtr\target\classes;C:\Users\Matthias Zwicker\.m2\repository\javax\vecmath\vecmath\1.5.2\vecmath-1.5.2.jar;C:\Users\Matthias Zwicker\.m2\repository\org\lwjgl\lwjgl\3.2.3\lwjgl-3.2.3.jar;C:\Users\Matthias Zwicker\.m2\repository\org\lwjgl\lwjgl-assimp\3.2.3\lwjgl-assimp-3.2.3.jar;C:\Users\Matthias Zwicker\.m2\repository\org\lwjgl\lwjgl-glfw\3.2.3\lwjgl-glfw-3.2.3.jar;C:\Users\Matthias Zwicker\.m2\repository\org\lwjgl\lwjgl-openal\3.2.3\lwjgl-openal-3.2.3.jar;C:\Users\Matthias Zwicker\.m2\repository\org\lwjgl\lwjgl-opengl\3.2.3\lwjgl-opengl-3.2.3.jar;C:\Users\Matthias Zwicker\.m2\repository\org\lwjgl\lwjgl-stb\3.2.3\lwjgl-stb-3.2.3.jar;C:\Users\Matthias Zwicker\.m2\repository\org\lwjgl\lwjgl\3.2.3\lwjgl-3.2.3-natives-windows.jar;C:\Users\Matthias Zwicker\.m2\repository\org\lwjgl\lwjgl-assimp\3.2.3\lwjgl-assimp-3.2.3-natives-windows.jar;C:\Users\Matthias Zwicker\.m2\repository\org\lwjgl\lwjgl-glfw\3.2.3\lwjgl-glfw-3.2.3-natives-windows.jar;C:\Users\Matthias Zwicker\.m2\repository\org\lwjgl\lwjgl-openal\3.2.3\lwjgl-openal-3.2.3-natives-windows.jar;C:\Users\Matthias Zwicker\.m2\repository\org\lwjgl\lwjgl-opengl\3.2.3\lwjgl-opengl-3.2.3-natives-windows.jar;C:\Users\Matthias Zwicker\.m2\repository\org\lwjgl\lwjgl-stb\3.2.3\lwjgl-stb-3.2.3-natives-windows.jar
Launcher Type: SUN_STANDARD

[Global flags]
     intx CICompilerCount                          = 3                                         {product} {ergonomic}
     uint ConcGCThreads                            = 1                                         {product} {ergonomic}
     uint G1ConcRefinementThreads                  = 4                                         {product} {ergonomic}
   size_t G1HeapRegionSize                         = 1048576                                   {product} {ergonomic}
    uintx GCDrainStackTargetSize                   = 64                                        {product} {ergonomic}
   size_t InitialHeapSize                          = 134217728                                 {product} {ergonomic}
   size_t MarkStackSize                            = 4194304                                   {product} {ergonomic}
   size_t MaxHeapSize                              = 2128609280                                {product} {ergonomic}
   size_t MaxNewSize                               = 1277165568                                {product} {ergonomic}
   size_t MinHeapDeltaBytes                        = 1048576                                   {product} {ergonomic}
    uintx NonNMethodCodeHeapSize                   = 5830732                                {pd product} {ergonomic}
    uintx NonProfiledCodeHeapSize                  = 122913754                              {pd product} {ergonomic}
    uintx ProfiledCodeHeapSize                     = 122913754                              {pd product} {ergonomic}
    uintx ReservedCodeCacheSize                    = 251658240                              {pd product} {ergonomic}
     bool SegmentedCodeCache                       = true                                      {product} {ergonomic}
     bool UseCompressedClassPointers               = true                                 {lp64_product} {ergonomic}
     bool UseCompressedOops                        = true                                 {lp64_product} {ergonomic}
     bool UseG1GC                                  = true                                      {product} {ergonomic}
     bool UseLargePagesIndividualAllocation        = false                                  {pd product} {ergonomic}

Logging:
Log output configuration:
 #0: stdout all=warning uptime,level,tags
 #1: stderr all=off uptime,level,tags

Environment Variables:
PATH=C:/Program Files/Java/jdk-12.0.2/bin/server;C:/Program Files/Java/jdk-12.0.2/bin;C:\Program Files (x86)\Common Files\Oracle\Java\javapath;C:\WINDOWS\system32;C:\WINDOWS;C:\WINDOWS\System32\Wbem;C:\WINDOWS\System32\WindowsPowerShell\v1.0\;C:\Program Files\MiKTeX 2.9\miktex\bin\x64\;C:\WINDOWS\System32\OpenSSH\;C:\Program Files\dotnet\;C:\Program Files\Git\cmd;C:\Program Files (x86)\Pulse Secure\VC142.CRT\X64\;C:\Program Files (x86)\Pulse Secure\VC142.CRT\X86\;C:\Users\Matthias Zwicker\AppData\Local\Microsoft\WindowsApps;C:\Program Files (x86)\GitHub CLI\;C:\WINDOWS\system32;
USERNAME=Matthias Zwicker
OS=Windows_NT
PROCESSOR_IDENTIFIER=Intel64 Family 6 Model 78 Stepping 3, GenuineIntel



---------------  S Y S T E M  ---------------

OS: Windows 10 , 64 bit Build 19041 (10.0.19041.1151)

CPU:total 4 (initial active 4) (2 cores per cpu, 2 threads per core) family 6 model 78 stepping 3, cmov, cx8, fxsr, mmx, sse, sse2, sse3, ssse3, sse4.1, sse4.2, popcnt, avx, avx2, aes, clmul, erms, rtm, 3dnowpref, lzcnt, ht, tsc, tscinvbit, bmi1, bmi2, adx, fma

Memory: 4k page, system-wide physical 8113M (686M free)
TotalPageFile size 15035M (AvailPageFile size 2340M)
current process WorkingSet (physical memory assigned to process): 120M, peak: 120M
current process commit charge ("private bytes"): 234M, peak: 234M

vm_info: Java HotSpot(TM) 64-Bit Server VM (12.0.2+10) for windows-amd64 JRE (12.0.2+10), built on Jul 16 2019 01:56:17 by "mach5one" with MS VC++ 15.5 (VS2017)

END.
